{"date":"Thu Aug 28 2025 13:24:31 GMT+0530 (India Standard Time)","error":{"code":"MODULE_NOT_FOUND","requireStack":["C:\\Users\\bigbo\\OneDrive\\Desktop\\Project\\Website\\server\\src\\middleware\\errorHandler.ts","C:\\Users\\bigbo\\OneDrive\\Desktop\\Project\\Website\\server\\src\\index.ts"]},"exception":true,"level":"error","message":"uncaughtException: Cannot find module '@shared/utils'\nRequire stack:\n- C:\\Users\\bigbo\\OneDrive\\Desktop\\Project\\Website\\server\\src\\middleware\\errorHandler.ts\n- C:\\Users\\bigbo\\OneDrive\\Desktop\\Project\\Website\\server\\src\\index.ts\nError: Cannot find module '@shared/utils'\nRequire stack:\n- C:\\Users\\bigbo\\OneDrive\\Desktop\\Project\\Website\\server\\src\\middleware\\errorHandler.ts\n- C:\\Users\\bigbo\\OneDrive\\Desktop\\Project\\Website\\server\\src\\index.ts\n    at Function.<anonymous> (node:internal/modules/cjs/loader:1365:15)\n    at Function.Module._resolveFilename.sharedData.moduleResolveFilenameHook.installedValue [as _resolveFilename] (C:\\Users\\bigbo\\OneDrive\\Desktop\\Project\\Website\\node_modules\\@cspotcode\\source-map-support\\source-map-support.js:811:30)\n    at defaultResolveImpl (node:internal/modules/cjs/loader:1021:19)\n    at resolveForCJSWithHooks (node:internal/modules/cjs/loader:1026:22)\n    at Function._load (node:internal/modules/cjs/loader:1175:37)\n    at TracingChannel.traceSync (node:diagnostics_channel:322:14)\n    at wrapModuleLoad (node:internal/modules/cjs/loader:235:24)\n    at Module.require (node:internal/modules/cjs/loader:1445:12)\n    at require (node:internal/modules/helpers:135:16)\n    at Object.<anonymous> (C:\\Users\\bigbo\\OneDrive\\Desktop\\Project\\Website\\server\\src\\middleware\\errorHandler.ts:3:1)","os":{"loadavg":[0,0,0],"uptime":34231.484},"process":{"argv":["C:\\Users\\bigbo\\OneDrive\\Desktop\\Project\\Website\\node_modules\\ts-node\\dist\\bin.js","C:\\Users\\bigbo\\OneDrive\\Desktop\\Project\\Website\\server\\src\\index.ts"],"cwd":"C:\\Users\\bigbo\\OneDrive\\Desktop\\Project\\Website\\server","execPath":"C:\\Program Files\\nodejs\\node.exe","gid":null,"memoryUsage":{"arrayBuffers":2543802,"external":5584303,"heapTotal":224956416,"heapUsed":197668904,"rss":270065664},"pid":19636,"uid":null,"version":"v22.18.0"},"service":"helpers-app-api","stack":"Error: Cannot find module '@shared/utils'\nRequire stack:\n- C:\\Users\\bigbo\\OneDrive\\Desktop\\Project\\Website\\server\\src\\middleware\\errorHandler.ts\n- C:\\Users\\bigbo\\OneDrive\\Desktop\\Project\\Website\\server\\src\\index.ts\n    at Function.<anonymous> (node:internal/modules/cjs/loader:1365:15)\n    at Function.Module._resolveFilename.sharedData.moduleResolveFilenameHook.installedValue [as _resolveFilename] (C:\\Users\\bigbo\\OneDrive\\Desktop\\Project\\Website\\node_modules\\@cspotcode\\source-map-support\\source-map-support.js:811:30)\n    at defaultResolveImpl (node:internal/modules/cjs/loader:1021:19)\n    at resolveForCJSWithHooks (node:internal/modules/cjs/loader:1026:22)\n    at Function._load (node:internal/modules/cjs/loader:1175:37)\n    at TracingChannel.traceSync (node:diagnostics_channel:322:14)\n    at wrapModuleLoad (node:internal/modules/cjs/loader:235:24)\n    at Module.require (node:internal/modules/cjs/loader:1445:12)\n    at require (node:internal/modules/helpers:135:16)\n    at Object.<anonymous> (C:\\Users\\bigbo\\OneDrive\\Desktop\\Project\\Website\\server\\src\\middleware\\errorHandler.ts:3:1)","timestamp":"2025-08-28T07:54:31.275Z","trace":[{"column":15,"file":"node:internal/modules/cjs/loader","function":null,"line":1365,"method":null,"native":false},{"column":30,"file":"C:\\Users\\bigbo\\OneDrive\\Desktop\\Project\\Website\\node_modules\\@cspotcode\\source-map-support\\source-map-support.js","function":"Module._resolveFilename.sharedData.moduleResolveFilenameHook.installedValue [as _resolveFilename]","line":811,"method":"installedValue [as _resolveFilename]","native":false},{"column":19,"file":"node:internal/modules/cjs/loader","function":"defaultResolveImpl","line":1021,"method":null,"native":false},{"column":22,"file":"node:internal/modules/cjs/loader","function":"resolveForCJSWithHooks","line":1026,"method":null,"native":false},{"column":37,"file":"node:internal/modules/cjs/loader","function":"Function._load","line":1175,"method":"_load","native":false},{"column":14,"file":"node:diagnostics_channel","function":"TracingChannel.traceSync","line":322,"method":"traceSync","native":false},{"column":24,"file":"node:internal/modules/cjs/loader","function":"wrapModuleLoad","line":235,"method":null,"native":false},{"column":12,"file":"node:internal/modules/cjs/loader","function":"Module.require","line":1445,"method":"require","native":false},{"column":16,"file":"node:internal/modules/helpers","function":"require","line":135,"method":null,"native":false},{"column":1,"file":"C:\\Users\\bigbo\\OneDrive\\Desktop\\Project\\Website\\server\\src\\middleware\\errorHandler.ts","function":null,"line":3,"method":null,"native":false}]}
{"date":"Thu Aug 28 2025 14:16:16 GMT+0530 (India Standard Time)","error":{"code":"MODULE_NOT_FOUND","requireStack":["C:\\Users\\bigbo\\OneDrive\\Desktop\\Project\\Website\\server\\src\\middleware\\errorHandler.ts","C:\\Users\\bigbo\\OneDrive\\Desktop\\Project\\Website\\server\\src\\index.ts"]},"exception":true,"level":"error","message":"uncaughtException: Cannot find module '@shared/utils'\nRequire stack:\n- C:\\Users\\bigbo\\OneDrive\\Desktop\\Project\\Website\\server\\src\\middleware\\errorHandler.ts\n- C:\\Users\\bigbo\\OneDrive\\Desktop\\Project\\Website\\server\\src\\index.ts\nError: Cannot find module '@shared/utils'\nRequire stack:\n- C:\\Users\\bigbo\\OneDrive\\Desktop\\Project\\Website\\server\\src\\middleware\\errorHandler.ts\n- C:\\Users\\bigbo\\OneDrive\\Desktop\\Project\\Website\\server\\src\\index.ts\n    at Function.<anonymous> (node:internal/modules/cjs/loader:1365:15)\n    at Function.Module._resolveFilename.sharedData.moduleResolveFilenameHook.installedValue [as _resolveFilename] (C:\\Users\\bigbo\\OneDrive\\Desktop\\Project\\Website\\node_modules\\@cspotcode\\source-map-support\\source-map-support.js:811:30)\n    at defaultResolveImpl (node:internal/modules/cjs/loader:1021:19)\n    at resolveForCJSWithHooks (node:internal/modules/cjs/loader:1026:22)\n    at Function._load (node:internal/modules/cjs/loader:1175:37)\n    at TracingChannel.traceSync (node:diagnostics_channel:322:14)\n    at wrapModuleLoad (node:internal/modules/cjs/loader:235:24)\n    at Module.require (node:internal/modules/cjs/loader:1445:12)\n    at require (node:internal/modules/helpers:135:16)\n    at Object.<anonymous> (C:\\Users\\bigbo\\OneDrive\\Desktop\\Project\\Website\\server\\src\\middleware\\errorHandler.ts:3:1)","os":{"loadavg":[0,0,0],"uptime":37336.453},"process":{"argv":["C:\\Users\\bigbo\\OneDrive\\Desktop\\Project\\Website\\node_modules\\ts-node\\dist\\bin.js","C:\\Users\\bigbo\\OneDrive\\Desktop\\Project\\Website\\server\\src\\index.ts"],"cwd":"C:\\Users\\bigbo\\OneDrive\\Desktop\\Project\\Website\\server","execPath":"C:\\Program Files\\nodejs\\node.exe","gid":null,"memoryUsage":{"arrayBuffers":4908749,"external":7949250,"heapTotal":221286400,"heapUsed":192493224,"rss":266973184},"pid":17728,"uid":null,"version":"v22.18.0"},"service":"helpers-app-api","stack":"Error: Cannot find module '@shared/utils'\nRequire stack:\n- C:\\Users\\bigbo\\OneDrive\\Desktop\\Project\\Website\\server\\src\\middleware\\errorHandler.ts\n- C:\\Users\\bigbo\\OneDrive\\Desktop\\Project\\Website\\server\\src\\index.ts\n    at Function.<anonymous> (node:internal/modules/cjs/loader:1365:15)\n    at Function.Module._resolveFilename.sharedData.moduleResolveFilenameHook.installedValue [as _resolveFilename] (C:\\Users\\bigbo\\OneDrive\\Desktop\\Project\\Website\\node_modules\\@cspotcode\\source-map-support\\source-map-support.js:811:30)\n    at defaultResolveImpl (node:internal/modules/cjs/loader:1021:19)\n    at resolveForCJSWithHooks (node:internal/modules/cjs/loader:1026:22)\n    at Function._load (node:internal/modules/cjs/loader:1175:37)\n    at TracingChannel.traceSync (node:diagnostics_channel:322:14)\n    at wrapModuleLoad (node:internal/modules/cjs/loader:235:24)\n    at Module.require (node:internal/modules/cjs/loader:1445:12)\n    at require (node:internal/modules/helpers:135:16)\n    at Object.<anonymous> (C:\\Users\\bigbo\\OneDrive\\Desktop\\Project\\Website\\server\\src\\middleware\\errorHandler.ts:3:1)","timestamp":"2025-08-28T08:46:16.232Z","trace":[{"column":15,"file":"node:internal/modules/cjs/loader","function":null,"line":1365,"method":null,"native":false},{"column":30,"file":"C:\\Users\\bigbo\\OneDrive\\Desktop\\Project\\Website\\node_modules\\@cspotcode\\source-map-support\\source-map-support.js","function":"Module._resolveFilename.sharedData.moduleResolveFilenameHook.installedValue [as _resolveFilename]","line":811,"method":"installedValue [as _resolveFilename]","native":false},{"column":19,"file":"node:internal/modules/cjs/loader","function":"defaultResolveImpl","line":1021,"method":null,"native":false},{"column":22,"file":"node:internal/modules/cjs/loader","function":"resolveForCJSWithHooks","line":1026,"method":null,"native":false},{"column":37,"file":"node:internal/modules/cjs/loader","function":"Function._load","line":1175,"method":"_load","native":false},{"column":14,"file":"node:diagnostics_channel","function":"TracingChannel.traceSync","line":322,"method":"traceSync","native":false},{"column":24,"file":"node:internal/modules/cjs/loader","function":"wrapModuleLoad","line":235,"method":null,"native":false},{"column":12,"file":"node:internal/modules/cjs/loader","function":"Module.require","line":1445,"method":"require","native":false},{"column":16,"file":"node:internal/modules/helpers","function":"require","line":135,"method":null,"native":false},{"column":1,"file":"C:\\Users\\bigbo\\OneDrive\\Desktop\\Project\\Website\\server\\src\\middleware\\errorHandler.ts","function":null,"line":3,"method":null,"native":false}]}
{"date":"Thu Aug 28 2025 14:17:28 GMT+0530 (India Standard Time)","error":{"code":"MODULE_NOT_FOUND","requireStack":["C:\\Users\\bigbo\\OneDrive\\Desktop\\Project\\Website\\server\\src\\middleware\\errorHandler.ts","C:\\Users\\bigbo\\OneDrive\\Desktop\\Project\\Website\\server\\src\\index.ts"]},"exception":true,"level":"error","message":"uncaughtException: Cannot find module '@shared/utils'\nRequire stack:\n- C:\\Users\\bigbo\\OneDrive\\Desktop\\Project\\Website\\server\\src\\middleware\\errorHandler.ts\n- C:\\Users\\bigbo\\OneDrive\\Desktop\\Project\\Website\\server\\src\\index.ts\nError: Cannot find module '@shared/utils'\nRequire stack:\n- C:\\Users\\bigbo\\OneDrive\\Desktop\\Project\\Website\\server\\src\\middleware\\errorHandler.ts\n- C:\\Users\\bigbo\\OneDrive\\Desktop\\Project\\Website\\server\\src\\index.ts\n    at Function.<anonymous> (node:internal/modules/cjs/loader:1365:15)\n    at Function.Module._resolveFilename.sharedData.moduleResolveFilenameHook.installedValue [as _resolveFilename] (C:\\Users\\bigbo\\OneDrive\\Desktop\\Project\\Website\\node_modules\\@cspotcode\\source-map-support\\source-map-support.js:811:30)\n    at defaultResolveImpl (node:internal/modules/cjs/loader:1021:19)\n    at resolveForCJSWithHooks (node:internal/modules/cjs/loader:1026:22)\n    at Function._load (node:internal/modules/cjs/loader:1175:37)\n    at TracingChannel.traceSync (node:diagnostics_channel:322:14)\n    at wrapModuleLoad (node:internal/modules/cjs/loader:235:24)\n    at Module.require (node:internal/modules/cjs/loader:1445:12)\n    at require (node:internal/modules/helpers:135:16)\n    at Object.<anonymous> (C:\\Users\\bigbo\\OneDrive\\Desktop\\Project\\Website\\server\\src\\middleware\\errorHandler.ts:3:1)","os":{"loadavg":[0,0,0],"uptime":37408.968},"process":{"argv":["C:\\Users\\bigbo\\OneDrive\\Desktop\\Project\\Website\\node_modules\\ts-node\\dist\\bin.js","C:\\Users\\bigbo\\OneDrive\\Desktop\\Project\\Website\\server\\src\\index.ts"],"cwd":"C:\\Users\\bigbo\\OneDrive\\Desktop\\Project\\Website\\server","execPath":"C:\\Program Files\\nodejs\\node.exe","gid":null,"memoryUsage":{"arrayBuffers":4884237,"external":7924738,"heapTotal":224956416,"heapUsed":191492856,"rss":271192064},"pid":11468,"uid":null,"version":"v22.18.0"},"service":"helpers-app-api","stack":"Error: Cannot find module '@shared/utils'\nRequire stack:\n- C:\\Users\\bigbo\\OneDrive\\Desktop\\Project\\Website\\server\\src\\middleware\\errorHandler.ts\n- C:\\Users\\bigbo\\OneDrive\\Desktop\\Project\\Website\\server\\src\\index.ts\n    at Function.<anonymous> (node:internal/modules/cjs/loader:1365:15)\n    at Function.Module._resolveFilename.sharedData.moduleResolveFilenameHook.installedValue [as _resolveFilename] (C:\\Users\\bigbo\\OneDrive\\Desktop\\Project\\Website\\node_modules\\@cspotcode\\source-map-support\\source-map-support.js:811:30)\n    at defaultResolveImpl (node:internal/modules/cjs/loader:1021:19)\n    at resolveForCJSWithHooks (node:internal/modules/cjs/loader:1026:22)\n    at Function._load (node:internal/modules/cjs/loader:1175:37)\n    at TracingChannel.traceSync (node:diagnostics_channel:322:14)\n    at wrapModuleLoad (node:internal/modules/cjs/loader:235:24)\n    at Module.require (node:internal/modules/cjs/loader:1445:12)\n    at require (node:internal/modules/helpers:135:16)\n    at Object.<anonymous> (C:\\Users\\bigbo\\OneDrive\\Desktop\\Project\\Website\\server\\src\\middleware\\errorHandler.ts:3:1)","timestamp":"2025-08-28T08:47:28.752Z","trace":[{"column":15,"file":"node:internal/modules/cjs/loader","function":null,"line":1365,"method":null,"native":false},{"column":30,"file":"C:\\Users\\bigbo\\OneDrive\\Desktop\\Project\\Website\\node_modules\\@cspotcode\\source-map-support\\source-map-support.js","function":"Module._resolveFilename.sharedData.moduleResolveFilenameHook.installedValue [as _resolveFilename]","line":811,"method":"installedValue [as _resolveFilename]","native":false},{"column":19,"file":"node:internal/modules/cjs/loader","function":"defaultResolveImpl","line":1021,"method":null,"native":false},{"column":22,"file":"node:internal/modules/cjs/loader","function":"resolveForCJSWithHooks","line":1026,"method":null,"native":false},{"column":37,"file":"node:internal/modules/cjs/loader","function":"Function._load","line":1175,"method":"_load","native":false},{"column":14,"file":"node:diagnostics_channel","function":"TracingChannel.traceSync","line":322,"method":"traceSync","native":false},{"column":24,"file":"node:internal/modules/cjs/loader","function":"wrapModuleLoad","line":235,"method":null,"native":false},{"column":12,"file":"node:internal/modules/cjs/loader","function":"Module.require","line":1445,"method":"require","native":false},{"column":16,"file":"node:internal/modules/helpers","function":"require","line":135,"method":null,"native":false},{"column":1,"file":"C:\\Users\\bigbo\\OneDrive\\Desktop\\Project\\Website\\server\\src\\middleware\\errorHandler.ts","function":null,"line":3,"method":null,"native":false}]}
{"date":"Thu Aug 28 2025 14:19:01 GMT+0530 (India Standard Time)","error":{"code":"MODULE_NOT_FOUND","requireStack":["C:\\Users\\bigbo\\OneDrive\\Desktop\\Project\\Website\\server\\src\\middleware\\errorHandler.ts","C:\\Users\\bigbo\\OneDrive\\Desktop\\Project\\Website\\server\\src\\index.ts"]},"exception":true,"level":"error","message":"uncaughtException: Cannot find module '@shared/utils'\nRequire stack:\n- C:\\Users\\bigbo\\OneDrive\\Desktop\\Project\\Website\\server\\src\\middleware\\errorHandler.ts\n- C:\\Users\\bigbo\\OneDrive\\Desktop\\Project\\Website\\server\\src\\index.ts\nError: Cannot find module '@shared/utils'\nRequire stack:\n- C:\\Users\\bigbo\\OneDrive\\Desktop\\Project\\Website\\server\\src\\middleware\\errorHandler.ts\n- C:\\Users\\bigbo\\OneDrive\\Desktop\\Project\\Website\\server\\src\\index.ts\n    at Function.<anonymous> (node:internal/modules/cjs/loader:1365:15)\n    at Function.Module._resolveFilename.sharedData.moduleResolveFilenameHook.installedValue [as _resolveFilename] (C:\\Users\\bigbo\\OneDrive\\Desktop\\Project\\Website\\node_modules\\@cspotcode\\source-map-support\\source-map-support.js:811:30)\n    at defaultResolveImpl (node:internal/modules/cjs/loader:1021:19)\n    at resolveForCJSWithHooks (node:internal/modules/cjs/loader:1026:22)\n    at Function._load (node:internal/modules/cjs/loader:1175:37)\n    at TracingChannel.traceSync (node:diagnostics_channel:322:14)\n    at wrapModuleLoad (node:internal/modules/cjs/loader:235:24)\n    at Module.require (node:internal/modules/cjs/loader:1445:12)\n    at require (node:internal/modules/helpers:135:16)\n    at Object.<anonymous> (C:\\Users\\bigbo\\OneDrive\\Desktop\\Project\\Website\\server\\src\\middleware\\errorHandler.ts:3:1)","os":{"loadavg":[0,0,0],"uptime":37501.984},"process":{"argv":["C:\\Users\\bigbo\\OneDrive\\Desktop\\Project\\Website\\node_modules\\ts-node\\dist\\bin.js","C:\\Users\\bigbo\\OneDrive\\Desktop\\Project\\Website\\server\\src\\index.ts"],"cwd":"C:\\Users\\bigbo\\OneDrive\\Desktop\\Project\\Website\\server","execPath":"C:\\Program Files\\nodejs\\node.exe","gid":null,"memoryUsage":{"arrayBuffers":4884221,"external":7924722,"heapTotal":225480704,"heapUsed":191287544,"rss":271294464},"pid":8868,"uid":null,"version":"v22.18.0"},"service":"helpers-app-api","stack":"Error: Cannot find module '@shared/utils'\nRequire stack:\n- C:\\Users\\bigbo\\OneDrive\\Desktop\\Project\\Website\\server\\src\\middleware\\errorHandler.ts\n- C:\\Users\\bigbo\\OneDrive\\Desktop\\Project\\Website\\server\\src\\index.ts\n    at Function.<anonymous> (node:internal/modules/cjs/loader:1365:15)\n    at Function.Module._resolveFilename.sharedData.moduleResolveFilenameHook.installedValue [as _resolveFilename] (C:\\Users\\bigbo\\OneDrive\\Desktop\\Project\\Website\\node_modules\\@cspotcode\\source-map-support\\source-map-support.js:811:30)\n    at defaultResolveImpl (node:internal/modules/cjs/loader:1021:19)\n    at resolveForCJSWithHooks (node:internal/modules/cjs/loader:1026:22)\n    at Function._load (node:internal/modules/cjs/loader:1175:37)\n    at TracingChannel.traceSync (node:diagnostics_channel:322:14)\n    at wrapModuleLoad (node:internal/modules/cjs/loader:235:24)\n    at Module.require (node:internal/modules/cjs/loader:1445:12)\n    at require (node:internal/modules/helpers:135:16)\n    at Object.<anonymous> (C:\\Users\\bigbo\\OneDrive\\Desktop\\Project\\Website\\server\\src\\middleware\\errorHandler.ts:3:1)","timestamp":"2025-08-28T08:49:01.773Z","trace":[{"column":15,"file":"node:internal/modules/cjs/loader","function":null,"line":1365,"method":null,"native":false},{"column":30,"file":"C:\\Users\\bigbo\\OneDrive\\Desktop\\Project\\Website\\node_modules\\@cspotcode\\source-map-support\\source-map-support.js","function":"Module._resolveFilename.sharedData.moduleResolveFilenameHook.installedValue [as _resolveFilename]","line":811,"method":"installedValue [as _resolveFilename]","native":false},{"column":19,"file":"node:internal/modules/cjs/loader","function":"defaultResolveImpl","line":1021,"method":null,"native":false},{"column":22,"file":"node:internal/modules/cjs/loader","function":"resolveForCJSWithHooks","line":1026,"method":null,"native":false},{"column":37,"file":"node:internal/modules/cjs/loader","function":"Function._load","line":1175,"method":"_load","native":false},{"column":14,"file":"node:diagnostics_channel","function":"TracingChannel.traceSync","line":322,"method":"traceSync","native":false},{"column":24,"file":"node:internal/modules/cjs/loader","function":"wrapModuleLoad","line":235,"method":null,"native":false},{"column":12,"file":"node:internal/modules/cjs/loader","function":"Module.require","line":1445,"method":"require","native":false},{"column":16,"file":"node:internal/modules/helpers","function":"require","line":135,"method":null,"native":false},{"column":1,"file":"C:\\Users\\bigbo\\OneDrive\\Desktop\\Project\\Website\\server\\src\\middleware\\errorHandler.ts","function":null,"line":3,"method":null,"native":false}]}
{"date":"Thu Aug 28 2025 14:19:14 GMT+0530 (India Standard Time)","error":{"code":"MODULE_NOT_FOUND","requireStack":["C:\\Users\\bigbo\\OneDrive\\Desktop\\Project\\Website\\server\\src\\middleware\\errorHandler.ts","C:\\Users\\bigbo\\OneDrive\\Desktop\\Project\\Website\\server\\src\\index.ts"]},"exception":true,"level":"error","message":"uncaughtException: Cannot find module '@shared/utils'\nRequire stack:\n- C:\\Users\\bigbo\\OneDrive\\Desktop\\Project\\Website\\server\\src\\middleware\\errorHandler.ts\n- C:\\Users\\bigbo\\OneDrive\\Desktop\\Project\\Website\\server\\src\\index.ts\nError: Cannot find module '@shared/utils'\nRequire stack:\n- C:\\Users\\bigbo\\OneDrive\\Desktop\\Project\\Website\\server\\src\\middleware\\errorHandler.ts\n- C:\\Users\\bigbo\\OneDrive\\Desktop\\Project\\Website\\server\\src\\index.ts\n    at Function.<anonymous> (node:internal/modules/cjs/loader:1365:15)\n    at Function.Module._resolveFilename.sharedData.moduleResolveFilenameHook.installedValue [as _resolveFilename] (C:\\Users\\bigbo\\OneDrive\\Desktop\\Project\\Website\\node_modules\\@cspotcode\\source-map-support\\source-map-support.js:811:30)\n    at defaultResolveImpl (node:internal/modules/cjs/loader:1021:19)\n    at resolveForCJSWithHooks (node:internal/modules/cjs/loader:1026:22)\n    at Function._load (node:internal/modules/cjs/loader:1175:37)\n    at TracingChannel.traceSync (node:diagnostics_channel:322:14)\n    at wrapModuleLoad (node:internal/modules/cjs/loader:235:24)\n    at Module.require (node:internal/modules/cjs/loader:1445:12)\n    at require (node:internal/modules/helpers:135:16)\n    at Object.<anonymous> (C:\\Users\\bigbo\\OneDrive\\Desktop\\Project\\Website\\server\\src\\middleware\\errorHandler.ts:3:1)","os":{"loadavg":[0,0,0],"uptime":37514.734},"process":{"argv":["C:\\Users\\bigbo\\OneDrive\\Desktop\\Project\\Website\\node_modules\\ts-node\\dist\\bin.js","C:\\Users\\bigbo\\OneDrive\\Desktop\\Project\\Website\\server\\src\\index.ts"],"cwd":"C:\\Users\\bigbo\\OneDrive\\Desktop\\Project\\Website\\server","execPath":"C:\\Program Files\\nodejs\\node.exe","gid":null,"memoryUsage":{"arrayBuffers":4966378,"external":8006879,"heapTotal":224694272,"heapUsed":198050888,"rss":275021824},"pid":20832,"uid":null,"version":"v22.18.0"},"service":"helpers-app-api","stack":"Error: Cannot find module '@shared/utils'\nRequire stack:\n- C:\\Users\\bigbo\\OneDrive\\Desktop\\Project\\Website\\server\\src\\middleware\\errorHandler.ts\n- C:\\Users\\bigbo\\OneDrive\\Desktop\\Project\\Website\\server\\src\\index.ts\n    at Function.<anonymous> (node:internal/modules/cjs/loader:1365:15)\n    at Function.Module._resolveFilename.sharedData.moduleResolveFilenameHook.installedValue [as _resolveFilename] (C:\\Users\\bigbo\\OneDrive\\Desktop\\Project\\Website\\node_modules\\@cspotcode\\source-map-support\\source-map-support.js:811:30)\n    at defaultResolveImpl (node:internal/modules/cjs/loader:1021:19)\n    at resolveForCJSWithHooks (node:internal/modules/cjs/loader:1026:22)\n    at Function._load (node:internal/modules/cjs/loader:1175:37)\n    at TracingChannel.traceSync (node:diagnostics_channel:322:14)\n    at wrapModuleLoad (node:internal/modules/cjs/loader:235:24)\n    at Module.require (node:internal/modules/cjs/loader:1445:12)\n    at require (node:internal/modules/helpers:135:16)\n    at Object.<anonymous> (C:\\Users\\bigbo\\OneDrive\\Desktop\\Project\\Website\\server\\src\\middleware\\errorHandler.ts:3:1)","timestamp":"2025-08-28T08:49:14.525Z","trace":[{"column":15,"file":"node:internal/modules/cjs/loader","function":null,"line":1365,"method":null,"native":false},{"column":30,"file":"C:\\Users\\bigbo\\OneDrive\\Desktop\\Project\\Website\\node_modules\\@cspotcode\\source-map-support\\source-map-support.js","function":"Module._resolveFilename.sharedData.moduleResolveFilenameHook.installedValue [as _resolveFilename]","line":811,"method":"installedValue [as _resolveFilename]","native":false},{"column":19,"file":"node:internal/modules/cjs/loader","function":"defaultResolveImpl","line":1021,"method":null,"native":false},{"column":22,"file":"node:internal/modules/cjs/loader","function":"resolveForCJSWithHooks","line":1026,"method":null,"native":false},{"column":37,"file":"node:internal/modules/cjs/loader","function":"Function._load","line":1175,"method":"_load","native":false},{"column":14,"file":"node:diagnostics_channel","function":"TracingChannel.traceSync","line":322,"method":"traceSync","native":false},{"column":24,"file":"node:internal/modules/cjs/loader","function":"wrapModuleLoad","line":235,"method":null,"native":false},{"column":12,"file":"node:internal/modules/cjs/loader","function":"Module.require","line":1445,"method":"require","native":false},{"column":16,"file":"node:internal/modules/helpers","function":"require","line":135,"method":null,"native":false},{"column":1,"file":"C:\\Users\\bigbo\\OneDrive\\Desktop\\Project\\Website\\server\\src\\middleware\\errorHandler.ts","function":null,"line":3,"method":null,"native":false}]}
{"date":"Thu Aug 28 2025 14:19:31 GMT+0530 (India Standard Time)","error":{"code":"MODULE_NOT_FOUND","requireStack":["C:\\Users\\bigbo\\OneDrive\\Desktop\\Project\\Website\\server\\src\\middleware\\errorHandler.ts","C:\\Users\\bigbo\\OneDrive\\Desktop\\Project\\Website\\server\\src\\index.ts"]},"exception":true,"level":"error","message":"uncaughtException: Cannot find module '@shared/utils'\nRequire stack:\n- C:\\Users\\bigbo\\OneDrive\\Desktop\\Project\\Website\\server\\src\\middleware\\errorHandler.ts\n- C:\\Users\\bigbo\\OneDrive\\Desktop\\Project\\Website\\server\\src\\index.ts\nError: Cannot find module '@shared/utils'\nRequire stack:\n- C:\\Users\\bigbo\\OneDrive\\Desktop\\Project\\Website\\server\\src\\middleware\\errorHandler.ts\n- C:\\Users\\bigbo\\OneDrive\\Desktop\\Project\\Website\\server\\src\\index.ts\n    at Function.<anonymous> (node:internal/modules/cjs/loader:1365:15)\n    at Function.Module._resolveFilename.sharedData.moduleResolveFilenameHook.installedValue [as _resolveFilename] (C:\\Users\\bigbo\\OneDrive\\Desktop\\Project\\Website\\node_modules\\@cspotcode\\source-map-support\\source-map-support.js:811:30)\n    at defaultResolveImpl (node:internal/modules/cjs/loader:1021:19)\n    at resolveForCJSWithHooks (node:internal/modules/cjs/loader:1026:22)\n    at Function._load (node:internal/modules/cjs/loader:1175:37)\n    at TracingChannel.traceSync (node:diagnostics_channel:322:14)\n    at wrapModuleLoad (node:internal/modules/cjs/loader:235:24)\n    at Module.require (node:internal/modules/cjs/loader:1445:12)\n    at require (node:internal/modules/helpers:135:16)\n    at Object.<anonymous> (C:\\Users\\bigbo\\OneDrive\\Desktop\\Project\\Website\\server\\src\\middleware\\errorHandler.ts:3:1)","os":{"loadavg":[0,0,0],"uptime":37531.375},"process":{"argv":["C:\\Program Files\\nodejs\\node.exe","C:\\Users\\bigbo\\OneDrive\\Desktop\\Project\\Website\\server\\src\\index.ts"],"cwd":"C:\\Users\\bigbo\\OneDrive\\Desktop\\Project\\Website\\server","execPath":"C:\\Program Files\\nodejs\\node.exe","gid":null,"memoryUsage":{"arrayBuffers":2519047,"external":5461671,"heapTotal":222859264,"heapUsed":189219880,"rss":265678848},"pid":24868,"uid":null,"version":"v22.18.0"},"service":"helpers-app-api","stack":"Error: Cannot find module '@shared/utils'\nRequire stack:\n- C:\\Users\\bigbo\\OneDrive\\Desktop\\Project\\Website\\server\\src\\middleware\\errorHandler.ts\n- C:\\Users\\bigbo\\OneDrive\\Desktop\\Project\\Website\\server\\src\\index.ts\n    at Function.<anonymous> (node:internal/modules/cjs/loader:1365:15)\n    at Function.Module._resolveFilename.sharedData.moduleResolveFilenameHook.installedValue [as _resolveFilename] (C:\\Users\\bigbo\\OneDrive\\Desktop\\Project\\Website\\node_modules\\@cspotcode\\source-map-support\\source-map-support.js:811:30)\n    at defaultResolveImpl (node:internal/modules/cjs/loader:1021:19)\n    at resolveForCJSWithHooks (node:internal/modules/cjs/loader:1026:22)\n    at Function._load (node:internal/modules/cjs/loader:1175:37)\n    at TracingChannel.traceSync (node:diagnostics_channel:322:14)\n    at wrapModuleLoad (node:internal/modules/cjs/loader:235:24)\n    at Module.require (node:internal/modules/cjs/loader:1445:12)\n    at require (node:internal/modules/helpers:135:16)\n    at Object.<anonymous> (C:\\Users\\bigbo\\OneDrive\\Desktop\\Project\\Website\\server\\src\\middleware\\errorHandler.ts:3:1)","timestamp":"2025-08-28T08:49:31.157Z","trace":[{"column":15,"file":"node:internal/modules/cjs/loader","function":null,"line":1365,"method":null,"native":false},{"column":30,"file":"C:\\Users\\bigbo\\OneDrive\\Desktop\\Project\\Website\\node_modules\\@cspotcode\\source-map-support\\source-map-support.js","function":"Module._resolveFilename.sharedData.moduleResolveFilenameHook.installedValue [as _resolveFilename]","line":811,"method":"installedValue [as _resolveFilename]","native":false},{"column":19,"file":"node:internal/modules/cjs/loader","function":"defaultResolveImpl","line":1021,"method":null,"native":false},{"column":22,"file":"node:internal/modules/cjs/loader","function":"resolveForCJSWithHooks","line":1026,"method":null,"native":false},{"column":37,"file":"node:internal/modules/cjs/loader","function":"Function._load","line":1175,"method":"_load","native":false},{"column":14,"file":"node:diagnostics_channel","function":"TracingChannel.traceSync","line":322,"method":"traceSync","native":false},{"column":24,"file":"node:internal/modules/cjs/loader","function":"wrapModuleLoad","line":235,"method":null,"native":false},{"column":12,"file":"node:internal/modules/cjs/loader","function":"Module.require","line":1445,"method":"require","native":false},{"column":16,"file":"node:internal/modules/helpers","function":"require","line":135,"method":null,"native":false},{"column":1,"file":"C:\\Users\\bigbo\\OneDrive\\Desktop\\Project\\Website\\server\\src\\middleware\\errorHandler.ts","function":null,"line":3,"method":null,"native":false}]}
{"date":"Thu Aug 28 2025 14:28:50 GMT+0530 (India Standard Time)","error":{"code":"MODULE_NOT_FOUND","requireStack":["C:\\Users\\bigbo\\OneDrive\\Desktop\\Project\\Website\\server\\src\\middleware\\errorHandler.ts","C:\\Users\\bigbo\\OneDrive\\Desktop\\Project\\Website\\server\\src\\index.ts"]},"exception":true,"level":"error","message":"uncaughtException: Cannot find module '@shared/utils'\nRequire stack:\n- C:\\Users\\bigbo\\OneDrive\\Desktop\\Project\\Website\\server\\src\\middleware\\errorHandler.ts\n- C:\\Users\\bigbo\\OneDrive\\Desktop\\Project\\Website\\server\\src\\index.ts\nError: Cannot find module '@shared/utils'\nRequire stack:\n- C:\\Users\\bigbo\\OneDrive\\Desktop\\Project\\Website\\server\\src\\middleware\\errorHandler.ts\n- C:\\Users\\bigbo\\OneDrive\\Desktop\\Project\\Website\\server\\src\\index.ts\n    at Function.<anonymous> (node:internal/modules/cjs/loader:1365:15)\n    at Function.Module._resolveFilename.sharedData.moduleResolveFilenameHook.installedValue [as _resolveFilename] (C:\\Users\\bigbo\\OneDrive\\Desktop\\Project\\Website\\node_modules\\@cspotcode\\source-map-support\\source-map-support.js:811:30)\n    at defaultResolveImpl (node:internal/modules/cjs/loader:1021:19)\n    at resolveForCJSWithHooks (node:internal/modules/cjs/loader:1026:22)\n    at Function._load (node:internal/modules/cjs/loader:1175:37)\n    at TracingChannel.traceSync (node:diagnostics_channel:322:14)\n    at wrapModuleLoad (node:internal/modules/cjs/loader:235:24)\n    at Module.require (node:internal/modules/cjs/loader:1445:12)\n    at require (node:internal/modules/helpers:135:16)\n    at Object.<anonymous> (C:\\Users\\bigbo\\OneDrive\\Desktop\\Project\\Website\\server\\src\\middleware\\errorHandler.ts:3:1)","os":{"loadavg":[0,0,0],"uptime":38090.359},"process":{"argv":["C:\\Users\\bigbo\\OneDrive\\Desktop\\Project\\Website\\node_modules\\ts-node\\dist\\bin.js","C:\\Users\\bigbo\\OneDrive\\Desktop\\Project\\Website\\server\\src\\index.ts"],"cwd":"C:\\Users\\bigbo\\OneDrive\\Desktop\\Project\\Website\\server","execPath":"C:\\Program Files\\nodejs\\node.exe","gid":null,"memoryUsage":{"arrayBuffers":4966522,"external":8007023,"heapTotal":225218560,"heapUsed":197577568,"rss":272805888},"pid":24280,"uid":null,"version":"v22.18.0"},"service":"helpers-app-api","stack":"Error: Cannot find module '@shared/utils'\nRequire stack:\n- C:\\Users\\bigbo\\OneDrive\\Desktop\\Project\\Website\\server\\src\\middleware\\errorHandler.ts\n- C:\\Users\\bigbo\\OneDrive\\Desktop\\Project\\Website\\server\\src\\index.ts\n    at Function.<anonymous> (node:internal/modules/cjs/loader:1365:15)\n    at Function.Module._resolveFilename.sharedData.moduleResolveFilenameHook.installedValue [as _resolveFilename] (C:\\Users\\bigbo\\OneDrive\\Desktop\\Project\\Website\\node_modules\\@cspotcode\\source-map-support\\source-map-support.js:811:30)\n    at defaultResolveImpl (node:internal/modules/cjs/loader:1021:19)\n    at resolveForCJSWithHooks (node:internal/modules/cjs/loader:1026:22)\n    at Function._load (node:internal/modules/cjs/loader:1175:37)\n    at TracingChannel.traceSync (node:diagnostics_channel:322:14)\n    at wrapModuleLoad (node:internal/modules/cjs/loader:235:24)\n    at Module.require (node:internal/modules/cjs/loader:1445:12)\n    at require (node:internal/modules/helpers:135:16)\n    at Object.<anonymous> (C:\\Users\\bigbo\\OneDrive\\Desktop\\Project\\Website\\server\\src\\middleware\\errorHandler.ts:3:1)","timestamp":"2025-08-28T08:58:50.154Z","trace":[{"column":15,"file":"node:internal/modules/cjs/loader","function":null,"line":1365,"method":null,"native":false},{"column":30,"file":"C:\\Users\\bigbo\\OneDrive\\Desktop\\Project\\Website\\node_modules\\@cspotcode\\source-map-support\\source-map-support.js","function":"Module._resolveFilename.sharedData.moduleResolveFilenameHook.installedValue [as _resolveFilename]","line":811,"method":"installedValue [as _resolveFilename]","native":false},{"column":19,"file":"node:internal/modules/cjs/loader","function":"defaultResolveImpl","line":1021,"method":null,"native":false},{"column":22,"file":"node:internal/modules/cjs/loader","function":"resolveForCJSWithHooks","line":1026,"method":null,"native":false},{"column":37,"file":"node:internal/modules/cjs/loader","function":"Function._load","line":1175,"method":"_load","native":false},{"column":14,"file":"node:diagnostics_channel","function":"TracingChannel.traceSync","line":322,"method":"traceSync","native":false},{"column":24,"file":"node:internal/modules/cjs/loader","function":"wrapModuleLoad","line":235,"method":null,"native":false},{"column":12,"file":"node:internal/modules/cjs/loader","function":"Module.require","line":1445,"method":"require","native":false},{"column":16,"file":"node:internal/modules/helpers","function":"require","line":135,"method":null,"native":false},{"column":1,"file":"C:\\Users\\bigbo\\OneDrive\\Desktop\\Project\\Website\\server\\src\\middleware\\errorHandler.ts","function":null,"line":3,"method":null,"native":false}]}
{"date":"Thu Aug 28 2025 14:36:47 GMT+0530 (India Standard Time)","error":{"diagnosticCodes":[7006,7006,7006,7006,7006,7006,7006,7006,7006]},"exception":true,"level":"error","message":"uncaughtException: тип Unable to compile TypeScript:\n\u001b[96msrc/routes/auth.ts\u001b[0m:\u001b[93m11\u001b[0m:\u001b[93m46\u001b[0m - \u001b[91merror\u001b[0m\u001b[90m TS7006: \u001b[0mParameter 'req' implicitly has an 'any' type.\r\n\r\n\u001b[7m11\u001b[0m router.post('/register', asyncHandler(async (req, res) => {\r\n\u001b[7m  \u001b[0m \u001b[91m                                             ~~~\u001b[0m\r\n\u001b[96msrc/routes/auth.ts\u001b[0m:\u001b[93m11\u001b[0m:\u001b[93m51\u001b[0m - \u001b[91merror\u001b[0m\u001b[90m TS7006: \u001b[0mParameter 'res' implicitly has an 'any' type.\r\n\r\n\u001b[7m11\u001b[0m router.post('/register', asyncHandler(async (req, res) => {\r\n\u001b[7m  \u001b[0m \u001b[91m                                                  ~~~\u001b[0m\r\n\u001b[96msrc/routes/auth.ts\u001b[0m:\u001b[93m90\u001b[0m:\u001b[93m43\u001b[0m - \u001b[91merror\u001b[0m\u001b[90m TS7006: \u001b[0mParameter 'req' implicitly has an 'any' type.\r\n\r\n\u001b[7m90\u001b[0m router.post('/login', asyncHandler(async (req, res) => {\r\n\u001b[7m  \u001b[0m \u001b[91m                                          ~~~\u001b[0m\r\n\u001b[96msrc/routes/auth.ts\u001b[0m:\u001b[93m90\u001b[0m:\u001b[93m48\u001b[0m - \u001b[91merror\u001b[0m\u001b[90m TS7006: \u001b[0mParameter 'res' implicitly has an 'any' type.\r\n\r\n\u001b[7m90\u001b[0m router.post('/login', asyncHandler(async (req, res) => {\r\n\u001b[7m  \u001b[0m \u001b[91m                                               ~~~\u001b[0m\r\n\u001b[96msrc/routes/auth.ts\u001b[0m:\u001b[93m157\u001b[0m:\u001b[93m81\u001b[0m - \u001b[91merror\u001b[0m\u001b[90m TS7006: \u001b[0mParameter 'res' implicitly has an 'any' type.\r\n\r\n\u001b[7m157\u001b[0m router.post('/logout', authenticateToken, asyncHandler(async (req: AuthRequest, res) => {\r\n\u001b[7m   \u001b[0m \u001b[91m                                                                                ~~~\u001b[0m\r\n\u001b[96msrc/routes/auth.ts\u001b[0m:\u001b[93m179\u001b[0m:\u001b[93m81\u001b[0m - \u001b[91merror\u001b[0m\u001b[90m TS7006: \u001b[0mParameter 'res' implicitly has an 'any' type.\r\n\r\n\u001b[7m179\u001b[0m router.get('/profile', authenticateToken, asyncHandler(async (req: AuthRequest, res) => {\r\n\u001b[7m   \u001b[0m \u001b[91m                                                                                ~~~\u001b[0m\r\n\u001b[96msrc/routes/auth.ts\u001b[0m:\u001b[93m216\u001b[0m:\u001b[93m81\u001b[0m - \u001b[91merror\u001b[0m\u001b[90m TS7006: \u001b[0mParameter 'res' implicitly has an 'any' type.\r\n\r\n\u001b[7m216\u001b[0m router.put('/profile', authenticateToken, asyncHandler(async (req: AuthRequest, res) => {\r\n\u001b[7m   \u001b[0m \u001b[91m                                                                                ~~~\u001b[0m\r\n\u001b[96msrc/routes/auth.ts\u001b[0m:\u001b[93m252\u001b[0m:\u001b[93m45\u001b[0m - \u001b[91merror\u001b[0m\u001b[90m TS7006: \u001b[0mParameter 'req' implicitly has an 'any' type.\r\n\r\n\u001b[7m252\u001b[0m router.post('/refresh', asyncHandler(async (req, res) => {\r\n\u001b[7m   \u001b[0m \u001b[91m                                            ~~~\u001b[0m\r\n\u001b[96msrc/routes/auth.ts\u001b[0m:\u001b[93m252\u001b[0m:\u001b[93m50\u001b[0m - \u001b[91merror\u001b[0m\u001b[90m TS7006: \u001b[0mParameter 'res' implicitly has an 'any' type.\r\n\r\n\u001b[7m252\u001b[0m router.post('/refresh', asyncHandler(async (req, res) => {\r\n\u001b[7m   \u001b[0m \u001b[91m                                                 ~~~\u001b[0m\r\n\nTSError: тип Unable to compile TypeScript:\n\u001b[96msrc/routes/auth.ts\u001b[0m:\u001b[93m11\u001b[0m:\u001b[93m46\u001b[0m - \u001b[91merror\u001b[0m\u001b[90m TS7006: \u001b[0mParameter 'req' implicitly has an 'any' type.\r\n\r\n\u001b[7m11\u001b[0m router.post('/register', asyncHandler(async (req, res) => {\r\n\u001b[7m  \u001b[0m \u001b[91m                                             ~~~\u001b[0m\r\n\u001b[96msrc/routes/auth.ts\u001b[0m:\u001b[93m11\u001b[0m:\u001b[93m51\u001b[0m - \u001b[91merror\u001b[0m\u001b[90m TS7006: \u001b[0mParameter 'res' implicitly has an 'any' type.\r\n\r\n\u001b[7m11\u001b[0m router.post('/register', asyncHandler(async (req, res) => {\r\n\u001b[7m  \u001b[0m \u001b[91m                                                  ~~~\u001b[0m\r\n\u001b[96msrc/routes/auth.ts\u001b[0m:\u001b[93m90\u001b[0m:\u001b[93m43\u001b[0m - \u001b[91merror\u001b[0m\u001b[90m TS7006: \u001b[0mParameter 'req' implicitly has an 'any' type.\r\n\r\n\u001b[7m90\u001b[0m router.post('/login', asyncHandler(async (req, res) => {\r\n\u001b[7m  \u001b[0m \u001b[91m                                          ~~~\u001b[0m\r\n\u001b[96msrc/routes/auth.ts\u001b[0m:\u001b[93m90\u001b[0m:\u001b[93m48\u001b[0m - \u001b[91merror\u001b[0m\u001b[90m TS7006: \u001b[0mParameter 'res' implicitly has an 'any' type.\r\n\r\n\u001b[7m90\u001b[0m router.post('/login', asyncHandler(async (req, res) => {\r\n\u001b[7m  \u001b[0m \u001b[91m                                               ~~~\u001b[0m\r\n\u001b[96msrc/routes/auth.ts\u001b[0m:\u001b[93m157\u001b[0m:\u001b[93m81\u001b[0m - \u001b[91merror\u001b[0m\u001b[90m TS7006: \u001b[0mParameter 'res' implicitly has an 'any' type.\r\n\r\n\u001b[7m157\u001b[0m router.post('/logout', authenticateToken, asyncHandler(async (req: AuthRequest, res) => {\r\n\u001b[7m   \u001b[0m \u001b[91m                                                                                ~~~\u001b[0m\r\n\u001b[96msrc/routes/auth.ts\u001b[0m:\u001b[93m179\u001b[0m:\u001b[93m81\u001b[0m - \u001b[91merror\u001b[0m\u001b[90m TS7006: \u001b[0mParameter 'res' implicitly has an 'any' type.\r\n\r\n\u001b[7m179\u001b[0m router.get('/profile', authenticateToken, asyncHandler(async (req: AuthRequest, res) => {\r\n\u001b[7m   \u001b[0m \u001b[91m                                                                                ~~~\u001b[0m\r\n\u001b[96msrc/routes/auth.ts\u001b[0m:\u001b[93m216\u001b[0m:\u001b[93m81\u001b[0m - \u001b[91merror\u001b[0m\u001b[90m TS7006: \u001b[0mParameter 'res' implicitly has an 'any' type.\r\n\r\n\u001b[7m216\u001b[0m router.put('/profile', authenticateToken, asyncHandler(async (req: AuthRequest, res) => {\r\n\u001b[7m   \u001b[0m \u001b[91m                                                                                ~~~\u001b[0m\r\n\u001b[96msrc/routes/auth.ts\u001b[0m:\u001b[93m252\u001b[0m:\u001b[93m45\u001b[0m - \u001b[91merror\u001b[0m\u001b[90m TS7006: \u001b[0mParameter 'req' implicitly has an 'any' type.\r\n\r\n\u001b[7m252\u001b[0m router.post('/refresh', asyncHandler(async (req, res) => {\r\n\u001b[7m   \u001b[0m \u001b[91m                                            ~~~\u001b[0m\r\n\u001b[96msrc/routes/auth.ts\u001b[0m:\u001b[93m252\u001b[0m:\u001b[93m50\u001b[0m - \u001b[91merror\u001b[0m\u001b[90m TS7006: \u001b[0mParameter 'res' implicitly has an 'any' type.\r\n\r\n\u001b[7m252\u001b[0m router.post('/refresh', asyncHandler(async (req, res) => {\r\n\u001b[7m   \u001b[0m \u001b[91m                                                 ~~~\u001b[0m\r\n\n    at createTSError (C:\\Users\\bigbo\\OneDrive\\Desktop\\Project\\Website\\node_modules\\ts-node\\src\\index.ts:859:12)\n    at reportTSError (C:\\Users\\bigbo\\OneDrive\\Desktop\\Project\\Website\\node_modules\\ts-node\\src\\index.ts:863:19)\n    at getOutput (C:\\Users\\bigbo\\OneDrive\\Desktop\\Project\\Website\\node_modules\\ts-node\\src\\index.ts:1077:36)\n    at Object.compile (C:\\Users\\bigbo\\OneDrive\\Desktop\\Project\\Website\\node_modules\\ts-node\\src\\index.ts:1433:41)\n    at Module.m._compile (C:\\Users\\bigbo\\OneDrive\\Desktop\\Project\\Website\\node_modules\\ts-node\\src\\index.ts:1617:30)\n    at node:internal/modules/cjs/loader:1820:10\n    at Object.require.extensions.<computed> [as .ts] (C:\\Users\\bigbo\\OneDrive\\Desktop\\Project\\Website\\node_modules\\ts-node\\src\\index.ts:1621:12)\n    at Module.load (node:internal/modules/cjs/loader:1423:32)\n    at Function._load (node:internal/modules/cjs/loader:1246:12)\n    at TracingChannel.traceSync (node:diagnostics_channel:322:14)","os":{"loadavg":[0,0,0],"uptime":38567.843},"process":{"argv":["C:\\Users\\bigbo\\OneDrive\\Desktop\\Project\\Website\\node_modules\\ts-node\\dist\\bin.js","C:\\Users\\bigbo\\OneDrive\\Desktop\\Project\\Website\\server\\src\\index.ts","src/index.ts"],"cwd":"C:\\Users\\bigbo\\OneDrive\\Desktop\\Project\\Website\\server","execPath":"C:\\Program Files\\nodejs\\node.exe","gid":null,"memoryUsage":{"arrayBuffers":4888479,"external":7928980,"heapTotal":245850112,"heapUsed":213406152,"rss":293756928},"pid":9172,"uid":null,"version":"v22.18.0"},"service":"helpers-app-api","stack":"TSError: тип Unable to compile TypeScript:\n\u001b[96msrc/routes/auth.ts\u001b[0m:\u001b[93m11\u001b[0m:\u001b[93m46\u001b[0m - \u001b[91merror\u001b[0m\u001b[90m TS7006: \u001b[0mParameter 'req' implicitly has an 'any' type.\r\n\r\n\u001b[7m11\u001b[0m router.post('/register', asyncHandler(async (req, res) => {\r\n\u001b[7m  \u001b[0m \u001b[91m                                             ~~~\u001b[0m\r\n\u001b[96msrc/routes/auth.ts\u001b[0m:\u001b[93m11\u001b[0m:\u001b[93m51\u001b[0m - \u001b[91merror\u001b[0m\u001b[90m TS7006: \u001b[0mParameter 'res' implicitly has an 'any' type.\r\n\r\n\u001b[7m11\u001b[0m router.post('/register', asyncHandler(async (req, res) => {\r\n\u001b[7m  \u001b[0m \u001b[91m                                                  ~~~\u001b[0m\r\n\u001b[96msrc/routes/auth.ts\u001b[0m:\u001b[93m90\u001b[0m:\u001b[93m43\u001b[0m - \u001b[91merror\u001b[0m\u001b[90m TS7006: \u001b[0mParameter 'req' implicitly has an 'any' type.\r\n\r\n\u001b[7m90\u001b[0m router.post('/login', asyncHandler(async (req, res) => {\r\n\u001b[7m  \u001b[0m \u001b[91m                                          ~~~\u001b[0m\r\n\u001b[96msrc/routes/auth.ts\u001b[0m:\u001b[93m90\u001b[0m:\u001b[93m48\u001b[0m - \u001b[91merror\u001b[0m\u001b[90m TS7006: \u001b[0mParameter 'res' implicitly has an 'any' type.\r\n\r\n\u001b[7m90\u001b[0m router.post('/login', asyncHandler(async (req, res) => {\r\n\u001b[7m  \u001b[0m \u001b[91m                                               ~~~\u001b[0m\r\n\u001b[96msrc/routes/auth.ts\u001b[0m:\u001b[93m157\u001b[0m:\u001b[93m81\u001b[0m - \u001b[91merror\u001b[0m\u001b[90m TS7006: \u001b[0mParameter 'res' implicitly has an 'any' type.\r\n\r\n\u001b[7m157\u001b[0m router.post('/logout', authenticateToken, asyncHandler(async (req: AuthRequest, res) => {\r\n\u001b[7m   \u001b[0m \u001b[91m                                                                                ~~~\u001b[0m\r\n\u001b[96msrc/routes/auth.ts\u001b[0m:\u001b[93m179\u001b[0m:\u001b[93m81\u001b[0m - \u001b[91merror\u001b[0m\u001b[90m TS7006: \u001b[0mParameter 'res' implicitly has an 'any' type.\r\n\r\n\u001b[7m179\u001b[0m router.get('/profile', authenticateToken, asyncHandler(async (req: AuthRequest, res) => {\r\n\u001b[7m   \u001b[0m \u001b[91m                                                                                ~~~\u001b[0m\r\n\u001b[96msrc/routes/auth.ts\u001b[0m:\u001b[93m216\u001b[0m:\u001b[93m81\u001b[0m - \u001b[91merror\u001b[0m\u001b[90m TS7006: \u001b[0mParameter 'res' implicitly has an 'any' type.\r\n\r\n\u001b[7m216\u001b[0m router.put('/profile', authenticateToken, asyncHandler(async (req: AuthRequest, res) => {\r\n\u001b[7m   \u001b[0m \u001b[91m                                                                                ~~~\u001b[0m\r\n\u001b[96msrc/routes/auth.ts\u001b[0m:\u001b[93m252\u001b[0m:\u001b[93m45\u001b[0m - \u001b[91merror\u001b[0m\u001b[90m TS7006: \u001b[0mParameter 'req' implicitly has an 'any' type.\r\n\r\n\u001b[7m252\u001b[0m router.post('/refresh', asyncHandler(async (req, res) => {\r\n\u001b[7m   \u001b[0m \u001b[91m                                            ~~~\u001b[0m\r\n\u001b[96msrc/routes/auth.ts\u001b[0m:\u001b[93m252\u001b[0m:\u001b[93m50\u001b[0m - \u001b[91merror\u001b[0m\u001b[90m TS7006: \u001b[0mParameter 'res' implicitly has an 'any' type.\r\n\r\n\u001b[7m252\u001b[0m router.post('/refresh', asyncHandler(async (req, res) => {\r\n\u001b[7m   \u001b[0m \u001b[91m                                                 ~~~\u001b[0m\r\n\n    at createTSError (C:\\Users\\bigbo\\OneDrive\\Desktop\\Project\\Website\\node_modules\\ts-node\\src\\index.ts:859:12)\n    at reportTSError (C:\\Users\\bigbo\\OneDrive\\Desktop\\Project\\Website\\node_modules\\ts-node\\src\\index.ts:863:19)\n    at getOutput (C:\\Users\\bigbo\\OneDrive\\Desktop\\Project\\Website\\node_modules\\ts-node\\src\\index.ts:1077:36)\n    at Object.compile (C:\\Users\\bigbo\\OneDrive\\Desktop\\Project\\Website\\node_modules\\ts-node\\src\\index.ts:1433:41)\n    at Module.m._compile (C:\\Users\\bigbo\\OneDrive\\Desktop\\Project\\Website\\node_modules\\ts-node\\src\\index.ts:1617:30)\n    at node:internal/modules/cjs/loader:1820:10\n    at Object.require.extensions.<computed> [as .ts] (C:\\Users\\bigbo\\OneDrive\\Desktop\\Project\\Website\\node_modules\\ts-node\\src\\index.ts:1621:12)\n    at Module.load (node:internal/modules/cjs/loader:1423:32)\n    at Function._load (node:internal/modules/cjs/loader:1246:12)\n    at TracingChannel.traceSync (node:diagnostics_channel:322:14)","timestamp":"2025-08-28T09:06:47.634Z","trace":[{"column":12,"file":"C:\\Users\\bigbo\\OneDrive\\Desktop\\Project\\Website\\node_modules\\ts-node\\src\\index.ts","function":"createTSError","line":859,"method":null,"native":false},{"column":19,"file":"C:\\Users\\bigbo\\OneDrive\\Desktop\\Project\\Website\\node_modules\\ts-node\\src\\index.ts","function":"reportTSError","line":863,"method":null,"native":false},{"column":36,"file":"C:\\Users\\bigbo\\OneDrive\\Desktop\\Project\\Website\\node_modules\\ts-node\\src\\index.ts","function":"getOutput","line":1077,"method":null,"native":false},{"column":41,"file":"C:\\Users\\bigbo\\OneDrive\\Desktop\\Project\\Website\\node_modules\\ts-node\\src\\index.ts","function":"Object.compile","line":1433,"method":"compile","native":false},{"column":30,"file":"C:\\Users\\bigbo\\OneDrive\\Desktop\\Project\\Website\\node_modules\\ts-node\\src\\index.ts","function":"Module.m._compile","line":1617,"method":"_compile","native":false},{"column":10,"file":"node:internal/modules/cjs/loader","function":null,"line":1820,"method":null,"native":false},{"column":12,"file":"C:\\Users\\bigbo\\OneDrive\\Desktop\\Project\\Website\\node_modules\\ts-node\\src\\index.ts","function":"Object.require.extensions.<computed> [as .ts]","line":1621,"method":"ts]","native":false},{"column":32,"file":"node:internal/modules/cjs/loader","function":"Module.load","line":1423,"method":"load","native":false},{"column":12,"file":"node:internal/modules/cjs/loader","function":"Function._load","line":1246,"method":"_load","native":false},{"column":14,"file":"node:diagnostics_channel","function":"TracingChannel.traceSync","line":322,"method":"traceSync","native":false}]}
{"date":"Thu Aug 28 2025 14:40:40 GMT+0530 (India Standard Time)","error":{"diagnosticCodes":[7006,7006,7006,7006,7006,7006,7006,7006,7006]},"exception":true,"level":"error","message":"uncaughtException: тип Unable to compile TypeScript:\n\u001b[96msrc/routes/auth.ts\u001b[0m:\u001b[93m11\u001b[0m:\u001b[93m46\u001b[0m - \u001b[91merror\u001b[0m\u001b[90m TS7006: \u001b[0mParameter 'req' implicitly has an 'any' type.\r\n\r\n\u001b[7m11\u001b[0m router.post('/register', asyncHandler(async (req, res) => {\r\n\u001b[7m  \u001b[0m \u001b[91m                                             ~~~\u001b[0m\r\n\u001b[96msrc/routes/auth.ts\u001b[0m:\u001b[93m11\u001b[0m:\u001b[93m51\u001b[0m - \u001b[91merror\u001b[0m\u001b[90m TS7006: \u001b[0mParameter 'res' implicitly has an 'any' type.\r\n\r\n\u001b[7m11\u001b[0m router.post('/register', asyncHandler(async (req, res) => {\r\n\u001b[7m  \u001b[0m \u001b[91m                                                  ~~~\u001b[0m\r\n\u001b[96msrc/routes/auth.ts\u001b[0m:\u001b[93m90\u001b[0m:\u001b[93m43\u001b[0m - \u001b[91merror\u001b[0m\u001b[90m TS7006: \u001b[0mParameter 'req' implicitly has an 'any' type.\r\n\r\n\u001b[7m90\u001b[0m router.post('/login', asyncHandler(async (req, res) => {\r\n\u001b[7m  \u001b[0m \u001b[91m                                          ~~~\u001b[0m\r\n\u001b[96msrc/routes/auth.ts\u001b[0m:\u001b[93m90\u001b[0m:\u001b[93m48\u001b[0m - \u001b[91merror\u001b[0m\u001b[90m TS7006: \u001b[0mParameter 'res' implicitly has an 'any' type.\r\n\r\n\u001b[7m90\u001b[0m router.post('/login', asyncHandler(async (req, res) => {\r\n\u001b[7m  \u001b[0m \u001b[91m                                               ~~~\u001b[0m\r\n\u001b[96msrc/routes/auth.ts\u001b[0m:\u001b[93m157\u001b[0m:\u001b[93m81\u001b[0m - \u001b[91merror\u001b[0m\u001b[90m TS7006: \u001b[0mParameter 'res' implicitly has an 'any' type.\r\n\r\n\u001b[7m157\u001b[0m router.post('/logout', authenticateToken, asyncHandler(async (req: AuthRequest, res) => {\r\n\u001b[7m   \u001b[0m \u001b[91m                                                                                ~~~\u001b[0m\r\n\u001b[96msrc/routes/auth.ts\u001b[0m:\u001b[93m179\u001b[0m:\u001b[93m81\u001b[0m - \u001b[91merror\u001b[0m\u001b[90m TS7006: \u001b[0mParameter 'res' implicitly has an 'any' type.\r\n\r\n\u001b[7m179\u001b[0m router.get('/profile', authenticateToken, asyncHandler(async (req: AuthRequest, res) => {\r\n\u001b[7m   \u001b[0m \u001b[91m                                                                                ~~~\u001b[0m\r\n\u001b[96msrc/routes/auth.ts\u001b[0m:\u001b[93m216\u001b[0m:\u001b[93m81\u001b[0m - \u001b[91merror\u001b[0m\u001b[90m TS7006: \u001b[0mParameter 'res' implicitly has an 'any' type.\r\n\r\n\u001b[7m216\u001b[0m router.put('/profile', authenticateToken, asyncHandler(async (req: AuthRequest, res) => {\r\n\u001b[7m   \u001b[0m \u001b[91m                                                                                ~~~\u001b[0m\r\n\u001b[96msrc/routes/auth.ts\u001b[0m:\u001b[93m252\u001b[0m:\u001b[93m45\u001b[0m - \u001b[91merror\u001b[0m\u001b[90m TS7006: \u001b[0mParameter 'req' implicitly has an 'any' type.\r\n\r\n\u001b[7m252\u001b[0m router.post('/refresh', asyncHandler(async (req, res) => {\r\n\u001b[7m   \u001b[0m \u001b[91m                                            ~~~\u001b[0m\r\n\u001b[96msrc/routes/auth.ts\u001b[0m:\u001b[93m252\u001b[0m:\u001b[93m50\u001b[0m - \u001b[91merror\u001b[0m\u001b[90m TS7006: \u001b[0mParameter 'res' implicitly has an 'any' type.\r\n\r\n\u001b[7m252\u001b[0m router.post('/refresh', asyncHandler(async (req, res) => {\r\n\u001b[7m   \u001b[0m \u001b[91m                                                 ~~~\u001b[0m\r\n\nTSError: тип Unable to compile TypeScript:\n\u001b[96msrc/routes/auth.ts\u001b[0m:\u001b[93m11\u001b[0m:\u001b[93m46\u001b[0m - \u001b[91merror\u001b[0m\u001b[90m TS7006: \u001b[0mParameter 'req' implicitly has an 'any' type.\r\n\r\n\u001b[7m11\u001b[0m router.post('/register', asyncHandler(async (req, res) => {\r\n\u001b[7m  \u001b[0m \u001b[91m                                             ~~~\u001b[0m\r\n\u001b[96msrc/routes/auth.ts\u001b[0m:\u001b[93m11\u001b[0m:\u001b[93m51\u001b[0m - \u001b[91merror\u001b[0m\u001b[90m TS7006: \u001b[0mParameter 'res' implicitly has an 'any' type.\r\n\r\n\u001b[7m11\u001b[0m router.post('/register', asyncHandler(async (req, res) => {\r\n\u001b[7m  \u001b[0m \u001b[91m                                                  ~~~\u001b[0m\r\n\u001b[96msrc/routes/auth.ts\u001b[0m:\u001b[93m90\u001b[0m:\u001b[93m43\u001b[0m - \u001b[91merror\u001b[0m\u001b[90m TS7006: \u001b[0mParameter 'req' implicitly has an 'any' type.\r\n\r\n\u001b[7m90\u001b[0m router.post('/login', asyncHandler(async (req, res) => {\r\n\u001b[7m  \u001b[0m \u001b[91m                                          ~~~\u001b[0m\r\n\u001b[96msrc/routes/auth.ts\u001b[0m:\u001b[93m90\u001b[0m:\u001b[93m48\u001b[0m - \u001b[91merror\u001b[0m\u001b[90m TS7006: \u001b[0mParameter 'res' implicitly has an 'any' type.\r\n\r\n\u001b[7m90\u001b[0m router.post('/login', asyncHandler(async (req, res) => {\r\n\u001b[7m  \u001b[0m \u001b[91m                                               ~~~\u001b[0m\r\n\u001b[96msrc/routes/auth.ts\u001b[0m:\u001b[93m157\u001b[0m:\u001b[93m81\u001b[0m - \u001b[91merror\u001b[0m\u001b[90m TS7006: \u001b[0mParameter 'res' implicitly has an 'any' type.\r\n\r\n\u001b[7m157\u001b[0m router.post('/logout', authenticateToken, asyncHandler(async (req: AuthRequest, res) => {\r\n\u001b[7m   \u001b[0m \u001b[91m                                                                                ~~~\u001b[0m\r\n\u001b[96msrc/routes/auth.ts\u001b[0m:\u001b[93m179\u001b[0m:\u001b[93m81\u001b[0m - \u001b[91merror\u001b[0m\u001b[90m TS7006: \u001b[0mParameter 'res' implicitly has an 'any' type.\r\n\r\n\u001b[7m179\u001b[0m router.get('/profile', authenticateToken, asyncHandler(async (req: AuthRequest, res) => {\r\n\u001b[7m   \u001b[0m \u001b[91m                                                                                ~~~\u001b[0m\r\n\u001b[96msrc/routes/auth.ts\u001b[0m:\u001b[93m216\u001b[0m:\u001b[93m81\u001b[0m - \u001b[91merror\u001b[0m\u001b[90m TS7006: \u001b[0mParameter 'res' implicitly has an 'any' type.\r\n\r\n\u001b[7m216\u001b[0m router.put('/profile', authenticateToken, asyncHandler(async (req: AuthRequest, res) => {\r\n\u001b[7m   \u001b[0m \u001b[91m                                                                                ~~~\u001b[0m\r\n\u001b[96msrc/routes/auth.ts\u001b[0m:\u001b[93m252\u001b[0m:\u001b[93m45\u001b[0m - \u001b[91merror\u001b[0m\u001b[90m TS7006: \u001b[0mParameter 'req' implicitly has an 'any' type.\r\n\r\n\u001b[7m252\u001b[0m router.post('/refresh', asyncHandler(async (req, res) => {\r\n\u001b[7m   \u001b[0m \u001b[91m                                            ~~~\u001b[0m\r\n\u001b[96msrc/routes/auth.ts\u001b[0m:\u001b[93m252\u001b[0m:\u001b[93m50\u001b[0m - \u001b[91merror\u001b[0m\u001b[90m TS7006: \u001b[0mParameter 'res' implicitly has an 'any' type.\r\n\r\n\u001b[7m252\u001b[0m router.post('/refresh', asyncHandler(async (req, res) => {\r\n\u001b[7m   \u001b[0m \u001b[91m                                                 ~~~\u001b[0m\r\n\n    at createTSError (C:\\Users\\bigbo\\OneDrive\\Desktop\\Project\\Website\\node_modules\\ts-node\\src\\index.ts:859:12)\n    at reportTSError (C:\\Users\\bigbo\\OneDrive\\Desktop\\Project\\Website\\node_modules\\ts-node\\src\\index.ts:863:19)\n    at getOutput (C:\\Users\\bigbo\\OneDrive\\Desktop\\Project\\Website\\node_modules\\ts-node\\src\\index.ts:1077:36)\n    at Object.compile (C:\\Users\\bigbo\\OneDrive\\Desktop\\Project\\Website\\node_modules\\ts-node\\src\\index.ts:1433:41)\n    at Module.m._compile (C:\\Users\\bigbo\\OneDrive\\Desktop\\Project\\Website\\node_modules\\ts-node\\src\\index.ts:1617:30)\n    at node:internal/modules/cjs/loader:1820:10\n    at Object.require.extensions.<computed> [as .ts] (C:\\Users\\bigbo\\OneDrive\\Desktop\\Project\\Website\\node_modules\\ts-node\\src\\index.ts:1621:12)\n    at Module.load (node:internal/modules/cjs/loader:1423:32)\n    at Function._load (node:internal/modules/cjs/loader:1246:12)\n    at TracingChannel.traceSync (node:diagnostics_channel:322:14)","os":{"loadavg":[0,0,0],"uptime":38800.593},"process":{"argv":["C:\\Users\\bigbo\\OneDrive\\Desktop\\Project\\Website\\node_modules\\ts-node\\dist\\bin.js","C:\\Users\\bigbo\\OneDrive\\Desktop\\Project\\Website\\server\\src\\index.ts"],"cwd":"C:\\Users\\bigbo\\OneDrive\\Desktop\\Project\\Website\\server","execPath":"C:\\Program Files\\nodejs\\node.exe","gid":null,"memoryUsage":{"arrayBuffers":4966257,"external":8006758,"heapTotal":250306560,"heapUsed":218792496,"rss":297054208},"pid":25360,"uid":null,"version":"v22.18.0"},"service":"helpers-app-api","stack":"TSError: тип Unable to compile TypeScript:\n\u001b[96msrc/routes/auth.ts\u001b[0m:\u001b[93m11\u001b[0m:\u001b[93m46\u001b[0m - \u001b[91merror\u001b[0m\u001b[90m TS7006: \u001b[0mParameter 'req' implicitly has an 'any' type.\r\n\r\n\u001b[7m11\u001b[0m router.post('/register', asyncHandler(async (req, res) => {\r\n\u001b[7m  \u001b[0m \u001b[91m                                             ~~~\u001b[0m\r\n\u001b[96msrc/routes/auth.ts\u001b[0m:\u001b[93m11\u001b[0m:\u001b[93m51\u001b[0m - \u001b[91merror\u001b[0m\u001b[90m TS7006: \u001b[0mParameter 'res' implicitly has an 'any' type.\r\n\r\n\u001b[7m11\u001b[0m router.post('/register', asyncHandler(async (req, res) => {\r\n\u001b[7m  \u001b[0m \u001b[91m                                                  ~~~\u001b[0m\r\n\u001b[96msrc/routes/auth.ts\u001b[0m:\u001b[93m90\u001b[0m:\u001b[93m43\u001b[0m - \u001b[91merror\u001b[0m\u001b[90m TS7006: \u001b[0mParameter 'req' implicitly has an 'any' type.\r\n\r\n\u001b[7m90\u001b[0m router.post('/login', asyncHandler(async (req, res) => {\r\n\u001b[7m  \u001b[0m \u001b[91m                                          ~~~\u001b[0m\r\n\u001b[96msrc/routes/auth.ts\u001b[0m:\u001b[93m90\u001b[0m:\u001b[93m48\u001b[0m - \u001b[91merror\u001b[0m\u001b[90m TS7006: \u001b[0mParameter 'res' implicitly has an 'any' type.\r\n\r\n\u001b[7m90\u001b[0m router.post('/login', asyncHandler(async (req, res) => {\r\n\u001b[7m  \u001b[0m \u001b[91m                                               ~~~\u001b[0m\r\n\u001b[96msrc/routes/auth.ts\u001b[0m:\u001b[93m157\u001b[0m:\u001b[93m81\u001b[0m - \u001b[91merror\u001b[0m\u001b[90m TS7006: \u001b[0mParameter 'res' implicitly has an 'any' type.\r\n\r\n\u001b[7m157\u001b[0m router.post('/logout', authenticateToken, asyncHandler(async (req: AuthRequest, res) => {\r\n\u001b[7m   \u001b[0m \u001b[91m                                                                                ~~~\u001b[0m\r\n\u001b[96msrc/routes/auth.ts\u001b[0m:\u001b[93m179\u001b[0m:\u001b[93m81\u001b[0m - \u001b[91merror\u001b[0m\u001b[90m TS7006: \u001b[0mParameter 'res' implicitly has an 'any' type.\r\n\r\n\u001b[7m179\u001b[0m router.get('/profile', authenticateToken, asyncHandler(async (req: AuthRequest, res) => {\r\n\u001b[7m   \u001b[0m \u001b[91m                                                                                ~~~\u001b[0m\r\n\u001b[96msrc/routes/auth.ts\u001b[0m:\u001b[93m216\u001b[0m:\u001b[93m81\u001b[0m - \u001b[91merror\u001b[0m\u001b[90m TS7006: \u001b[0mParameter 'res' implicitly has an 'any' type.\r\n\r\n\u001b[7m216\u001b[0m router.put('/profile', authenticateToken, asyncHandler(async (req: AuthRequest, res) => {\r\n\u001b[7m   \u001b[0m \u001b[91m                                                                                ~~~\u001b[0m\r\n\u001b[96msrc/routes/auth.ts\u001b[0m:\u001b[93m252\u001b[0m:\u001b[93m45\u001b[0m - \u001b[91merror\u001b[0m\u001b[90m TS7006: \u001b[0mParameter 'req' implicitly has an 'any' type.\r\n\r\n\u001b[7m252\u001b[0m router.post('/refresh', asyncHandler(async (req, res) => {\r\n\u001b[7m   \u001b[0m \u001b[91m                                            ~~~\u001b[0m\r\n\u001b[96msrc/routes/auth.ts\u001b[0m:\u001b[93m252\u001b[0m:\u001b[93m50\u001b[0m - \u001b[91merror\u001b[0m\u001b[90m TS7006: \u001b[0mParameter 'res' implicitly has an 'any' type.\r\n\r\n\u001b[7m252\u001b[0m router.post('/refresh', asyncHandler(async (req, res) => {\r\n\u001b[7m   \u001b[0m \u001b[91m                                                 ~~~\u001b[0m\r\n\n    at createTSError (C:\\Users\\bigbo\\OneDrive\\Desktop\\Project\\Website\\node_modules\\ts-node\\src\\index.ts:859:12)\n    at reportTSError (C:\\Users\\bigbo\\OneDrive\\Desktop\\Project\\Website\\node_modules\\ts-node\\src\\index.ts:863:19)\n    at getOutput (C:\\Users\\bigbo\\OneDrive\\Desktop\\Project\\Website\\node_modules\\ts-node\\src\\index.ts:1077:36)\n    at Object.compile (C:\\Users\\bigbo\\OneDrive\\Desktop\\Project\\Website\\node_modules\\ts-node\\src\\index.ts:1433:41)\n    at Module.m._compile (C:\\Users\\bigbo\\OneDrive\\Desktop\\Project\\Website\\node_modules\\ts-node\\src\\index.ts:1617:30)\n    at node:internal/modules/cjs/loader:1820:10\n    at Object.require.extensions.<computed> [as .ts] (C:\\Users\\bigbo\\OneDrive\\Desktop\\Project\\Website\\node_modules\\ts-node\\src\\index.ts:1621:12)\n    at Module.load (node:internal/modules/cjs/loader:1423:32)\n    at Function._load (node:internal/modules/cjs/loader:1246:12)\n    at TracingChannel.traceSync (node:diagnostics_channel:322:14)","timestamp":"2025-08-28T09:10:40.379Z","trace":[{"column":12,"file":"C:\\Users\\bigbo\\OneDrive\\Desktop\\Project\\Website\\node_modules\\ts-node\\src\\index.ts","function":"createTSError","line":859,"method":null,"native":false},{"column":19,"file":"C:\\Users\\bigbo\\OneDrive\\Desktop\\Project\\Website\\node_modules\\ts-node\\src\\index.ts","function":"reportTSError","line":863,"method":null,"native":false},{"column":36,"file":"C:\\Users\\bigbo\\OneDrive\\Desktop\\Project\\Website\\node_modules\\ts-node\\src\\index.ts","function":"getOutput","line":1077,"method":null,"native":false},{"column":41,"file":"C:\\Users\\bigbo\\OneDrive\\Desktop\\Project\\Website\\node_modules\\ts-node\\src\\index.ts","function":"Object.compile","line":1433,"method":"compile","native":false},{"column":30,"file":"C:\\Users\\bigbo\\OneDrive\\Desktop\\Project\\Website\\node_modules\\ts-node\\src\\index.ts","function":"Module.m._compile","line":1617,"method":"_compile","native":false},{"column":10,"file":"node:internal/modules/cjs/loader","function":null,"line":1820,"method":null,"native":false},{"column":12,"file":"C:\\Users\\bigbo\\OneDrive\\Desktop\\Project\\Website\\node_modules\\ts-node\\src\\index.ts","function":"Object.require.extensions.<computed> [as .ts]","line":1621,"method":"ts]","native":false},{"column":32,"file":"node:internal/modules/cjs/loader","function":"Module.load","line":1423,"method":"load","native":false},{"column":12,"file":"node:internal/modules/cjs/loader","function":"Function._load","line":1246,"method":"_load","native":false},{"column":14,"file":"node:diagnostics_channel","function":"TracingChannel.traceSync","line":322,"method":"traceSync","native":false}]}
{"date":"Thu Aug 28 2025 14:44:12 GMT+0530 (India Standard Time)","error":{"code":"MODULE_NOT_FOUND","requireStack":["C:\\Users\\bigbo\\OneDrive\\Desktop\\Project\\Website\\server\\src\\middleware\\errorHandler.ts","C:\\Users\\bigbo\\OneDrive\\Desktop\\Project\\Website\\server\\src\\index.ts"]},"exception":true,"level":"error","message":"uncaughtException: Cannot find module '@shared/utils'\nRequire stack:\n- C:\\Users\\bigbo\\OneDrive\\Desktop\\Project\\Website\\server\\src\\middleware\\errorHandler.ts\n- C:\\Users\\bigbo\\OneDrive\\Desktop\\Project\\Website\\server\\src\\index.ts\nError: Cannot find module '@shared/utils'\nRequire stack:\n- C:\\Users\\bigbo\\OneDrive\\Desktop\\Project\\Website\\server\\src\\middleware\\errorHandler.ts\n- C:\\Users\\bigbo\\OneDrive\\Desktop\\Project\\Website\\server\\src\\index.ts\n    at Function.<anonymous> (node:internal/modules/cjs/loader:1365:15)\n    at Function.Module._resolveFilename.sharedData.moduleResolveFilenameHook.installedValue [as _resolveFilename] (C:\\Users\\bigbo\\OneDrive\\Desktop\\Project\\Website\\node_modules\\@cspotcode\\source-map-support\\source-map-support.js:811:30)\n    at defaultResolveImpl (node:internal/modules/cjs/loader:1021:19)\n    at resolveForCJSWithHooks (node:internal/modules/cjs/loader:1026:22)\n    at Function._load (node:internal/modules/cjs/loader:1175:37)\n    at TracingChannel.traceSync (node:diagnostics_channel:322:14)\n    at wrapModuleLoad (node:internal/modules/cjs/loader:235:24)\n    at Module.require (node:internal/modules/cjs/loader:1445:12)\n    at require (node:internal/modules/helpers:135:16)\n    at Object.<anonymous> (C:\\Users\\bigbo\\OneDrive\\Desktop\\Project\\Website\\server\\src\\middleware\\errorHandler.ts:3:1)","os":{"loadavg":[0,0,0],"uptime":39012.906},"process":{"argv":["C:\\Users\\bigbo\\OneDrive\\Desktop\\Project\\Website\\node_modules\\ts-node\\dist\\bin.js","C:\\Users\\bigbo\\OneDrive\\Desktop\\Project\\Website\\server\\src\\index.ts"],"cwd":"C:\\Users\\bigbo\\OneDrive\\Desktop\\Project\\Website\\server","execPath":"C:\\Program Files\\nodejs\\node.exe","gid":null,"memoryUsage":{"arrayBuffers":4867989,"external":7908490,"heapTotal":58695680,"heapUsed":43389376,"rss":101928960},"pid":26524,"uid":null,"version":"v22.18.0"},"service":"helpers-app-api","stack":"Error: Cannot find module '@shared/utils'\nRequire stack:\n- C:\\Users\\bigbo\\OneDrive\\Desktop\\Project\\Website\\server\\src\\middleware\\errorHandler.ts\n- C:\\Users\\bigbo\\OneDrive\\Desktop\\Project\\Website\\server\\src\\index.ts\n    at Function.<anonymous> (node:internal/modules/cjs/loader:1365:15)\n    at Function.Module._resolveFilename.sharedData.moduleResolveFilenameHook.installedValue [as _resolveFilename] (C:\\Users\\bigbo\\OneDrive\\Desktop\\Project\\Website\\node_modules\\@cspotcode\\source-map-support\\source-map-support.js:811:30)\n    at defaultResolveImpl (node:internal/modules/cjs/loader:1021:19)\n    at resolveForCJSWithHooks (node:internal/modules/cjs/loader:1026:22)\n    at Function._load (node:internal/modules/cjs/loader:1175:37)\n    at TracingChannel.traceSync (node:diagnostics_channel:322:14)\n    at wrapModuleLoad (node:internal/modules/cjs/loader:235:24)\n    at Module.require (node:internal/modules/cjs/loader:1445:12)\n    at require (node:internal/modules/helpers:135:16)\n    at Object.<anonymous> (C:\\Users\\bigbo\\OneDrive\\Desktop\\Project\\Website\\server\\src\\middleware\\errorHandler.ts:3:1)","timestamp":"2025-08-28T09:14:12.699Z","trace":[{"column":15,"file":"node:internal/modules/cjs/loader","function":null,"line":1365,"method":null,"native":false},{"column":30,"file":"C:\\Users\\bigbo\\OneDrive\\Desktop\\Project\\Website\\node_modules\\@cspotcode\\source-map-support\\source-map-support.js","function":"Module._resolveFilename.sharedData.moduleResolveFilenameHook.installedValue [as _resolveFilename]","line":811,"method":"installedValue [as _resolveFilename]","native":false},{"column":19,"file":"node:internal/modules/cjs/loader","function":"defaultResolveImpl","line":1021,"method":null,"native":false},{"column":22,"file":"node:internal/modules/cjs/loader","function":"resolveForCJSWithHooks","line":1026,"method":null,"native":false},{"column":37,"file":"node:internal/modules/cjs/loader","function":"Function._load","line":1175,"method":"_load","native":false},{"column":14,"file":"node:diagnostics_channel","function":"TracingChannel.traceSync","line":322,"method":"traceSync","native":false},{"column":24,"file":"node:internal/modules/cjs/loader","function":"wrapModuleLoad","line":235,"method":null,"native":false},{"column":12,"file":"node:internal/modules/cjs/loader","function":"Module.require","line":1445,"method":"require","native":false},{"column":16,"file":"node:internal/modules/helpers","function":"require","line":135,"method":null,"native":false},{"column":1,"file":"C:\\Users\\bigbo\\OneDrive\\Desktop\\Project\\Website\\server\\src\\middleware\\errorHandler.ts","function":null,"line":3,"method":null,"native":false}]}
{"date":"Thu Aug 28 2025 14:44:30 GMT+0530 (India Standard Time)","error":{"diagnosticCodes":[7006,7006,7006,7006,7006,7006,7006,7006,7006]},"exception":true,"level":"error","message":"uncaughtException: тип Unable to compile TypeScript:\n\u001b[96msrc/routes/auth.ts\u001b[0m:\u001b[93m11\u001b[0m:\u001b[93m46\u001b[0m - \u001b[91merror\u001b[0m\u001b[90m TS7006: \u001b[0mParameter 'req' implicitly has an 'any' type.\r\n\r\n\u001b[7m11\u001b[0m router.post('/register', asyncHandler(async (req, res) => {\r\n\u001b[7m  \u001b[0m \u001b[91m                                             ~~~\u001b[0m\r\n\u001b[96msrc/routes/auth.ts\u001b[0m:\u001b[93m11\u001b[0m:\u001b[93m51\u001b[0m - \u001b[91merror\u001b[0m\u001b[90m TS7006: \u001b[0mParameter 'res' implicitly has an 'any' type.\r\n\r\n\u001b[7m11\u001b[0m router.post('/register', asyncHandler(async (req, res) => {\r\n\u001b[7m  \u001b[0m \u001b[91m                                                  ~~~\u001b[0m\r\n\u001b[96msrc/routes/auth.ts\u001b[0m:\u001b[93m90\u001b[0m:\u001b[93m43\u001b[0m - \u001b[91merror\u001b[0m\u001b[90m TS7006: \u001b[0mParameter 'req' implicitly has an 'any' type.\r\n\r\n\u001b[7m90\u001b[0m router.post('/login', asyncHandler(async (req, res) => {\r\n\u001b[7m  \u001b[0m \u001b[91m                                          ~~~\u001b[0m\r\n\u001b[96msrc/routes/auth.ts\u001b[0m:\u001b[93m90\u001b[0m:\u001b[93m48\u001b[0m - \u001b[91merror\u001b[0m\u001b[90m TS7006: \u001b[0mParameter 'res' implicitly has an 'any' type.\r\n\r\n\u001b[7m90\u001b[0m router.post('/login', asyncHandler(async (req, res) => {\r\n\u001b[7m  \u001b[0m \u001b[91m                                               ~~~\u001b[0m\r\n\u001b[96msrc/routes/auth.ts\u001b[0m:\u001b[93m157\u001b[0m:\u001b[93m81\u001b[0m - \u001b[91merror\u001b[0m\u001b[90m TS7006: \u001b[0mParameter 'res' implicitly has an 'any' type.\r\n\r\n\u001b[7m157\u001b[0m router.post('/logout', authenticateToken, asyncHandler(async (req: AuthRequest, res) => {\r\n\u001b[7m   \u001b[0m \u001b[91m                                                                                ~~~\u001b[0m\r\n\u001b[96msrc/routes/auth.ts\u001b[0m:\u001b[93m179\u001b[0m:\u001b[93m81\u001b[0m - \u001b[91merror\u001b[0m\u001b[90m TS7006: \u001b[0mParameter 'res' implicitly has an 'any' type.\r\n\r\n\u001b[7m179\u001b[0m router.get('/profile', authenticateToken, asyncHandler(async (req: AuthRequest, res) => {\r\n\u001b[7m   \u001b[0m \u001b[91m                                                                                ~~~\u001b[0m\r\n\u001b[96msrc/routes/auth.ts\u001b[0m:\u001b[93m216\u001b[0m:\u001b[93m81\u001b[0m - \u001b[91merror\u001b[0m\u001b[90m TS7006: \u001b[0mParameter 'res' implicitly has an 'any' type.\r\n\r\n\u001b[7m216\u001b[0m router.put('/profile', authenticateToken, asyncHandler(async (req: AuthRequest, res) => {\r\n\u001b[7m   \u001b[0m \u001b[91m                                                                                ~~~\u001b[0m\r\n\u001b[96msrc/routes/auth.ts\u001b[0m:\u001b[93m252\u001b[0m:\u001b[93m45\u001b[0m - \u001b[91merror\u001b[0m\u001b[90m TS7006: \u001b[0mParameter 'req' implicitly has an 'any' type.\r\n\r\n\u001b[7m252\u001b[0m router.post('/refresh', asyncHandler(async (req, res) => {\r\n\u001b[7m   \u001b[0m \u001b[91m                                            ~~~\u001b[0m\r\n\u001b[96msrc/routes/auth.ts\u001b[0m:\u001b[93m252\u001b[0m:\u001b[93m50\u001b[0m - \u001b[91merror\u001b[0m\u001b[90m TS7006: \u001b[0mParameter 'res' implicitly has an 'any' type.\r\n\r\n\u001b[7m252\u001b[0m router.post('/refresh', asyncHandler(async (req, res) => {\r\n\u001b[7m   \u001b[0m \u001b[91m                                                 ~~~\u001b[0m\r\n\nTSError: тип Unable to compile TypeScript:\n\u001b[96msrc/routes/auth.ts\u001b[0m:\u001b[93m11\u001b[0m:\u001b[93m46\u001b[0m - \u001b[91merror\u001b[0m\u001b[90m TS7006: \u001b[0mParameter 'req' implicitly has an 'any' type.\r\n\r\n\u001b[7m11\u001b[0m router.post('/register', asyncHandler(async (req, res) => {\r\n\u001b[7m  \u001b[0m \u001b[91m                                             ~~~\u001b[0m\r\n\u001b[96msrc/routes/auth.ts\u001b[0m:\u001b[93m11\u001b[0m:\u001b[93m51\u001b[0m - \u001b[91merror\u001b[0m\u001b[90m TS7006: \u001b[0mParameter 'res' implicitly has an 'any' type.\r\n\r\n\u001b[7m11\u001b[0m router.post('/register', asyncHandler(async (req, res) => {\r\n\u001b[7m  \u001b[0m \u001b[91m                                                  ~~~\u001b[0m\r\n\u001b[96msrc/routes/auth.ts\u001b[0m:\u001b[93m90\u001b[0m:\u001b[93m43\u001b[0m - \u001b[91merror\u001b[0m\u001b[90m TS7006: \u001b[0mParameter 'req' implicitly has an 'any' type.\r\n\r\n\u001b[7m90\u001b[0m router.post('/login', asyncHandler(async (req, res) => {\r\n\u001b[7m  \u001b[0m \u001b[91m                                          ~~~\u001b[0m\r\n\u001b[96msrc/routes/auth.ts\u001b[0m:\u001b[93m90\u001b[0m:\u001b[93m48\u001b[0m - \u001b[91merror\u001b[0m\u001b[90m TS7006: \u001b[0mParameter 'res' implicitly has an 'any' type.\r\n\r\n\u001b[7m90\u001b[0m router.post('/login', asyncHandler(async (req, res) => {\r\n\u001b[7m  \u001b[0m \u001b[91m                                               ~~~\u001b[0m\r\n\u001b[96msrc/routes/auth.ts\u001b[0m:\u001b[93m157\u001b[0m:\u001b[93m81\u001b[0m - \u001b[91merror\u001b[0m\u001b[90m TS7006: \u001b[0mParameter 'res' implicitly has an 'any' type.\r\n\r\n\u001b[7m157\u001b[0m router.post('/logout', authenticateToken, asyncHandler(async (req: AuthRequest, res) => {\r\n\u001b[7m   \u001b[0m \u001b[91m                                                                                ~~~\u001b[0m\r\n\u001b[96msrc/routes/auth.ts\u001b[0m:\u001b[93m179\u001b[0m:\u001b[93m81\u001b[0m - \u001b[91merror\u001b[0m\u001b[90m TS7006: \u001b[0mParameter 'res' implicitly has an 'any' type.\r\n\r\n\u001b[7m179\u001b[0m router.get('/profile', authenticateToken, asyncHandler(async (req: AuthRequest, res) => {\r\n\u001b[7m   \u001b[0m \u001b[91m                                                                                ~~~\u001b[0m\r\n\u001b[96msrc/routes/auth.ts\u001b[0m:\u001b[93m216\u001b[0m:\u001b[93m81\u001b[0m - \u001b[91merror\u001b[0m\u001b[90m TS7006: \u001b[0mParameter 'res' implicitly has an 'any' type.\r\n\r\n\u001b[7m216\u001b[0m router.put('/profile', authenticateToken, asyncHandler(async (req: AuthRequest, res) => {\r\n\u001b[7m   \u001b[0m \u001b[91m                                                                                ~~~\u001b[0m\r\n\u001b[96msrc/routes/auth.ts\u001b[0m:\u001b[93m252\u001b[0m:\u001b[93m45\u001b[0m - \u001b[91merror\u001b[0m\u001b[90m TS7006: \u001b[0mParameter 'req' implicitly has an 'any' type.\r\n\r\n\u001b[7m252\u001b[0m router.post('/refresh', asyncHandler(async (req, res) => {\r\n\u001b[7m   \u001b[0m \u001b[91m                                            ~~~\u001b[0m\r\n\u001b[96msrc/routes/auth.ts\u001b[0m:\u001b[93m252\u001b[0m:\u001b[93m50\u001b[0m - \u001b[91merror\u001b[0m\u001b[90m TS7006: \u001b[0mParameter 'res' implicitly has an 'any' type.\r\n\r\n\u001b[7m252\u001b[0m router.post('/refresh', asyncHandler(async (req, res) => {\r\n\u001b[7m   \u001b[0m \u001b[91m                                                 ~~~\u001b[0m\r\n\n    at createTSError (C:\\Users\\bigbo\\OneDrive\\Desktop\\Project\\Website\\node_modules\\ts-node\\src\\index.ts:859:12)\n    at reportTSError (C:\\Users\\bigbo\\OneDrive\\Desktop\\Project\\Website\\node_modules\\ts-node\\src\\index.ts:863:19)\n    at getOutput (C:\\Users\\bigbo\\OneDrive\\Desktop\\Project\\Website\\node_modules\\ts-node\\src\\index.ts:1077:36)\n    at Object.compile (C:\\Users\\bigbo\\OneDrive\\Desktop\\Project\\Website\\node_modules\\ts-node\\src\\index.ts:1433:41)\n    at Module.m._compile (C:\\Users\\bigbo\\OneDrive\\Desktop\\Project\\Website\\node_modules\\ts-node\\src\\index.ts:1617:30)\n    at node:internal/modules/cjs/loader:1820:10\n    at Object.require.extensions.<computed> [as .ts] (C:\\Users\\bigbo\\OneDrive\\Desktop\\Project\\Website\\node_modules\\ts-node\\src\\index.ts:1621:12)\n    at Module.load (node:internal/modules/cjs/loader:1423:32)\n    at Function._load (node:internal/modules/cjs/loader:1246:12)\n    at TracingChannel.traceSync (node:diagnostics_channel:322:14)","os":{"loadavg":[0,0,0],"uptime":39031.171},"process":{"argv":["C:\\Users\\bigbo\\OneDrive\\Desktop\\Project\\Website\\node_modules\\ts-node\\dist\\bin.js","C:\\Users\\bigbo\\OneDrive\\Desktop\\Project\\Website\\server\\src\\index.ts"],"cwd":"C:\\Users\\bigbo\\OneDrive\\Desktop\\Project\\Website\\server","execPath":"C:\\Program Files\\nodejs\\node.exe","gid":null,"memoryUsage":{"arrayBuffers":4888431,"external":7928932,"heapTotal":245850112,"heapUsed":214354880,"rss":295047168},"pid":888,"uid":null,"version":"v22.18.0"},"service":"helpers-app-api","stack":"TSError: тип Unable to compile TypeScript:\n\u001b[96msrc/routes/auth.ts\u001b[0m:\u001b[93m11\u001b[0m:\u001b[93m46\u001b[0m - \u001b[91merror\u001b[0m\u001b[90m TS7006: \u001b[0mParameter 'req' implicitly has an 'any' type.\r\n\r\n\u001b[7m11\u001b[0m router.post('/register', asyncHandler(async (req, res) => {\r\n\u001b[7m  \u001b[0m \u001b[91m                                             ~~~\u001b[0m\r\n\u001b[96msrc/routes/auth.ts\u001b[0m:\u001b[93m11\u001b[0m:\u001b[93m51\u001b[0m - \u001b[91merror\u001b[0m\u001b[90m TS7006: \u001b[0mParameter 'res' implicitly has an 'any' type.\r\n\r\n\u001b[7m11\u001b[0m router.post('/register', asyncHandler(async (req, res) => {\r\n\u001b[7m  \u001b[0m \u001b[91m                                                  ~~~\u001b[0m\r\n\u001b[96msrc/routes/auth.ts\u001b[0m:\u001b[93m90\u001b[0m:\u001b[93m43\u001b[0m - \u001b[91merror\u001b[0m\u001b[90m TS7006: \u001b[0mParameter 'req' implicitly has an 'any' type.\r\n\r\n\u001b[7m90\u001b[0m router.post('/login', asyncHandler(async (req, res) => {\r\n\u001b[7m  \u001b[0m \u001b[91m                                          ~~~\u001b[0m\r\n\u001b[96msrc/routes/auth.ts\u001b[0m:\u001b[93m90\u001b[0m:\u001b[93m48\u001b[0m - \u001b[91merror\u001b[0m\u001b[90m TS7006: \u001b[0mParameter 'res' implicitly has an 'any' type.\r\n\r\n\u001b[7m90\u001b[0m router.post('/login', asyncHandler(async (req, res) => {\r\n\u001b[7m  \u001b[0m \u001b[91m                                               ~~~\u001b[0m\r\n\u001b[96msrc/routes/auth.ts\u001b[0m:\u001b[93m157\u001b[0m:\u001b[93m81\u001b[0m - \u001b[91merror\u001b[0m\u001b[90m TS7006: \u001b[0mParameter 'res' implicitly has an 'any' type.\r\n\r\n\u001b[7m157\u001b[0m router.post('/logout', authenticateToken, asyncHandler(async (req: AuthRequest, res) => {\r\n\u001b[7m   \u001b[0m \u001b[91m                                                                                ~~~\u001b[0m\r\n\u001b[96msrc/routes/auth.ts\u001b[0m:\u001b[93m179\u001b[0m:\u001b[93m81\u001b[0m - \u001b[91merror\u001b[0m\u001b[90m TS7006: \u001b[0mParameter 'res' implicitly has an 'any' type.\r\n\r\n\u001b[7m179\u001b[0m router.get('/profile', authenticateToken, asyncHandler(async (req: AuthRequest, res) => {\r\n\u001b[7m   \u001b[0m \u001b[91m                                                                                ~~~\u001b[0m\r\n\u001b[96msrc/routes/auth.ts\u001b[0m:\u001b[93m216\u001b[0m:\u001b[93m81\u001b[0m - \u001b[91merror\u001b[0m\u001b[90m TS7006: \u001b[0mParameter 'res' implicitly has an 'any' type.\r\n\r\n\u001b[7m216\u001b[0m router.put('/profile', authenticateToken, asyncHandler(async (req: AuthRequest, res) => {\r\n\u001b[7m   \u001b[0m \u001b[91m                                                                                ~~~\u001b[0m\r\n\u001b[96msrc/routes/auth.ts\u001b[0m:\u001b[93m252\u001b[0m:\u001b[93m45\u001b[0m - \u001b[91merror\u001b[0m\u001b[90m TS7006: \u001b[0mParameter 'req' implicitly has an 'any' type.\r\n\r\n\u001b[7m252\u001b[0m router.post('/refresh', asyncHandler(async (req, res) => {\r\n\u001b[7m   \u001b[0m \u001b[91m                                            ~~~\u001b[0m\r\n\u001b[96msrc/routes/auth.ts\u001b[0m:\u001b[93m252\u001b[0m:\u001b[93m50\u001b[0m - \u001b[91merror\u001b[0m\u001b[90m TS7006: \u001b[0mParameter 'res' implicitly has an 'any' type.\r\n\r\n\u001b[7m252\u001b[0m router.post('/refresh', asyncHandler(async (req, res) => {\r\n\u001b[7m   \u001b[0m \u001b[91m                                                 ~~~\u001b[0m\r\n\n    at createTSError (C:\\Users\\bigbo\\OneDrive\\Desktop\\Project\\Website\\node_modules\\ts-node\\src\\index.ts:859:12)\n    at reportTSError (C:\\Users\\bigbo\\OneDrive\\Desktop\\Project\\Website\\node_modules\\ts-node\\src\\index.ts:863:19)\n    at getOutput (C:\\Users\\bigbo\\OneDrive\\Desktop\\Project\\Website\\node_modules\\ts-node\\src\\index.ts:1077:36)\n    at Object.compile (C:\\Users\\bigbo\\OneDrive\\Desktop\\Project\\Website\\node_modules\\ts-node\\src\\index.ts:1433:41)\n    at Module.m._compile (C:\\Users\\bigbo\\OneDrive\\Desktop\\Project\\Website\\node_modules\\ts-node\\src\\index.ts:1617:30)\n    at node:internal/modules/cjs/loader:1820:10\n    at Object.require.extensions.<computed> [as .ts] (C:\\Users\\bigbo\\OneDrive\\Desktop\\Project\\Website\\node_modules\\ts-node\\src\\index.ts:1621:12)\n    at Module.load (node:internal/modules/cjs/loader:1423:32)\n    at Function._load (node:internal/modules/cjs/loader:1246:12)\n    at TracingChannel.traceSync (node:diagnostics_channel:322:14)","timestamp":"2025-08-28T09:14:30.964Z","trace":[{"column":12,"file":"C:\\Users\\bigbo\\OneDrive\\Desktop\\Project\\Website\\node_modules\\ts-node\\src\\index.ts","function":"createTSError","line":859,"method":null,"native":false},{"column":19,"file":"C:\\Users\\bigbo\\OneDrive\\Desktop\\Project\\Website\\node_modules\\ts-node\\src\\index.ts","function":"reportTSError","line":863,"method":null,"native":false},{"column":36,"file":"C:\\Users\\bigbo\\OneDrive\\Desktop\\Project\\Website\\node_modules\\ts-node\\src\\index.ts","function":"getOutput","line":1077,"method":null,"native":false},{"column":41,"file":"C:\\Users\\bigbo\\OneDrive\\Desktop\\Project\\Website\\node_modules\\ts-node\\src\\index.ts","function":"Object.compile","line":1433,"method":"compile","native":false},{"column":30,"file":"C:\\Users\\bigbo\\OneDrive\\Desktop\\Project\\Website\\node_modules\\ts-node\\src\\index.ts","function":"Module.m._compile","line":1617,"method":"_compile","native":false},{"column":10,"file":"node:internal/modules/cjs/loader","function":null,"line":1820,"method":null,"native":false},{"column":12,"file":"C:\\Users\\bigbo\\OneDrive\\Desktop\\Project\\Website\\node_modules\\ts-node\\src\\index.ts","function":"Object.require.extensions.<computed> [as .ts]","line":1621,"method":"ts]","native":false},{"column":32,"file":"node:internal/modules/cjs/loader","function":"Module.load","line":1423,"method":"load","native":false},{"column":12,"file":"node:internal/modules/cjs/loader","function":"Function._load","line":1246,"method":"_load","native":false},{"column":14,"file":"node:diagnostics_channel","function":"TracingChannel.traceSync","line":322,"method":"traceSync","native":false}]}
{"date":"Thu Aug 28 2025 14:48:05 GMT+0530 (India Standard Time)","error":{"code":"MODULE_NOT_FOUND","requireStack":["C:\\Users\\bigbo\\OneDrive\\Desktop\\Project\\Website\\server\\src\\middleware\\errorHandler.ts","C:\\Users\\bigbo\\OneDrive\\Desktop\\Project\\Website\\server\\src\\index.ts"]},"exception":true,"level":"error","message":"uncaughtException: Cannot find module '@shared/utils'\nRequire stack:\n- C:\\Users\\bigbo\\OneDrive\\Desktop\\Project\\Website\\server\\src\\middleware\\errorHandler.ts\n- C:\\Users\\bigbo\\OneDrive\\Desktop\\Project\\Website\\server\\src\\index.ts\nError: Cannot find module '@shared/utils'\nRequire stack:\n- C:\\Users\\bigbo\\OneDrive\\Desktop\\Project\\Website\\server\\src\\middleware\\errorHandler.ts\n- C:\\Users\\bigbo\\OneDrive\\Desktop\\Project\\Website\\server\\src\\index.ts\n    at Function.<anonymous> (node:internal/modules/cjs/loader:1365:15)\n    at Function.Module._resolveFilename.sharedData.moduleResolveFilenameHook.installedValue [as _resolveFilename] (C:\\Users\\bigbo\\OneDrive\\Desktop\\Project\\Website\\node_modules\\@cspotcode\\source-map-support\\source-map-support.js:811:30)\n    at defaultResolveImpl (node:internal/modules/cjs/loader:1021:19)\n    at resolveForCJSWithHooks (node:internal/modules/cjs/loader:1026:22)\n    at Function._load (node:internal/modules/cjs/loader:1175:37)\n    at TracingChannel.traceSync (node:diagnostics_channel:322:14)\n    at wrapModuleLoad (node:internal/modules/cjs/loader:235:24)\n    at Module.require (node:internal/modules/cjs/loader:1445:12)\n    at require (node:internal/modules/helpers:135:16)\n    at Object.<anonymous> (C:\\Users\\bigbo\\OneDrive\\Desktop\\Project\\Website\\server\\src\\middleware\\errorHandler.ts:3:1)","os":{"loadavg":[0,0,0],"uptime":39245.343},"process":{"argv":["C:\\Users\\bigbo\\OneDrive\\Desktop\\Project\\Website\\node_modules\\ts-node\\dist\\bin.js","C:\\Users\\bigbo\\OneDrive\\Desktop\\Project\\Website\\server\\src\\index.ts"],"cwd":"C:\\Users\\bigbo\\OneDrive\\Desktop\\Project\\Website\\server","execPath":"C:\\Program Files\\nodejs\\node.exe","gid":null,"memoryUsage":{"arrayBuffers":4867893,"external":7908394,"heapTotal":58433536,"heapUsed":43230712,"rss":101838848},"pid":27124,"uid":null,"version":"v22.18.0"},"service":"helpers-app-api","stack":"Error: Cannot find module '@shared/utils'\nRequire stack:\n- C:\\Users\\bigbo\\OneDrive\\Desktop\\Project\\Website\\server\\src\\middleware\\errorHandler.ts\n- C:\\Users\\bigbo\\OneDrive\\Desktop\\Project\\Website\\server\\src\\index.ts\n    at Function.<anonymous> (node:internal/modules/cjs/loader:1365:15)\n    at Function.Module._resolveFilename.sharedData.moduleResolveFilenameHook.installedValue [as _resolveFilename] (C:\\Users\\bigbo\\OneDrive\\Desktop\\Project\\Website\\node_modules\\@cspotcode\\source-map-support\\source-map-support.js:811:30)\n    at defaultResolveImpl (node:internal/modules/cjs/loader:1021:19)\n    at resolveForCJSWithHooks (node:internal/modules/cjs/loader:1026:22)\n    at Function._load (node:internal/modules/cjs/loader:1175:37)\n    at TracingChannel.traceSync (node:diagnostics_channel:322:14)\n    at wrapModuleLoad (node:internal/modules/cjs/loader:235:24)\n    at Module.require (node:internal/modules/cjs/loader:1445:12)\n    at require (node:internal/modules/helpers:135:16)\n    at Object.<anonymous> (C:\\Users\\bigbo\\OneDrive\\Desktop\\Project\\Website\\server\\src\\middleware\\errorHandler.ts:3:1)","timestamp":"2025-08-28T09:18:05.137Z","trace":[{"column":15,"file":"node:internal/modules/cjs/loader","function":null,"line":1365,"method":null,"native":false},{"column":30,"file":"C:\\Users\\bigbo\\OneDrive\\Desktop\\Project\\Website\\node_modules\\@cspotcode\\source-map-support\\source-map-support.js","function":"Module._resolveFilename.sharedData.moduleResolveFilenameHook.installedValue [as _resolveFilename]","line":811,"method":"installedValue [as _resolveFilename]","native":false},{"column":19,"file":"node:internal/modules/cjs/loader","function":"defaultResolveImpl","line":1021,"method":null,"native":false},{"column":22,"file":"node:internal/modules/cjs/loader","function":"resolveForCJSWithHooks","line":1026,"method":null,"native":false},{"column":37,"file":"node:internal/modules/cjs/loader","function":"Function._load","line":1175,"method":"_load","native":false},{"column":14,"file":"node:diagnostics_channel","function":"TracingChannel.traceSync","line":322,"method":"traceSync","native":false},{"column":24,"file":"node:internal/modules/cjs/loader","function":"wrapModuleLoad","line":235,"method":null,"native":false},{"column":12,"file":"node:internal/modules/cjs/loader","function":"Module.require","line":1445,"method":"require","native":false},{"column":16,"file":"node:internal/modules/helpers","function":"require","line":135,"method":null,"native":false},{"column":1,"file":"C:\\Users\\bigbo\\OneDrive\\Desktop\\Project\\Website\\server\\src\\middleware\\errorHandler.ts","function":null,"line":3,"method":null,"native":false}]}
{"date":"Thu Aug 28 2025 14:48:41 GMT+0530 (India Standard Time)","error":{"diagnosticCodes":[7006,7006,7006,7006,7006,7006,7006,7006,7006]},"exception":true,"level":"error","message":"uncaughtException: тип Unable to compile TypeScript:\n\u001b[96msrc/routes/auth.ts\u001b[0m:\u001b[93m11\u001b[0m:\u001b[93m46\u001b[0m - \u001b[91merror\u001b[0m\u001b[90m TS7006: \u001b[0mParameter 'req' implicitly has an 'any' type.\r\n\r\n\u001b[7m11\u001b[0m router.post('/register', asyncHandler(async (req, res) => {\r\n\u001b[7m  \u001b[0m \u001b[91m                                             ~~~\u001b[0m\r\n\u001b[96msrc/routes/auth.ts\u001b[0m:\u001b[93m11\u001b[0m:\u001b[93m51\u001b[0m - \u001b[91merror\u001b[0m\u001b[90m TS7006: \u001b[0mParameter 'res' implicitly has an 'any' type.\r\n\r\n\u001b[7m11\u001b[0m router.post('/register', asyncHandler(async (req, res) => {\r\n\u001b[7m  \u001b[0m \u001b[91m                                                  ~~~\u001b[0m\r\n\u001b[96msrc/routes/auth.ts\u001b[0m:\u001b[93m90\u001b[0m:\u001b[93m43\u001b[0m - \u001b[91merror\u001b[0m\u001b[90m TS7006: \u001b[0mParameter 'req' implicitly has an 'any' type.\r\n\r\n\u001b[7m90\u001b[0m router.post('/login', asyncHandler(async (req, res) => {\r\n\u001b[7m  \u001b[0m \u001b[91m                                          ~~~\u001b[0m\r\n\u001b[96msrc/routes/auth.ts\u001b[0m:\u001b[93m90\u001b[0m:\u001b[93m48\u001b[0m - \u001b[91merror\u001b[0m\u001b[90m TS7006: \u001b[0mParameter 'res' implicitly has an 'any' type.\r\n\r\n\u001b[7m90\u001b[0m router.post('/login', asyncHandler(async (req, res) => {\r\n\u001b[7m  \u001b[0m \u001b[91m                                               ~~~\u001b[0m\r\n\u001b[96msrc/routes/auth.ts\u001b[0m:\u001b[93m157\u001b[0m:\u001b[93m81\u001b[0m - \u001b[91merror\u001b[0m\u001b[90m TS7006: \u001b[0mParameter 'res' implicitly has an 'any' type.\r\n\r\n\u001b[7m157\u001b[0m router.post('/logout', authenticateToken, asyncHandler(async (req: AuthRequest, res) => {\r\n\u001b[7m   \u001b[0m \u001b[91m                                                                                ~~~\u001b[0m\r\n\u001b[96msrc/routes/auth.ts\u001b[0m:\u001b[93m179\u001b[0m:\u001b[93m81\u001b[0m - \u001b[91merror\u001b[0m\u001b[90m TS7006: \u001b[0mParameter 'res' implicitly has an 'any' type.\r\n\r\n\u001b[7m179\u001b[0m router.get('/profile', authenticateToken, asyncHandler(async (req: AuthRequest, res) => {\r\n\u001b[7m   \u001b[0m \u001b[91m                                                                                ~~~\u001b[0m\r\n\u001b[96msrc/routes/auth.ts\u001b[0m:\u001b[93m216\u001b[0m:\u001b[93m81\u001b[0m - \u001b[91merror\u001b[0m\u001b[90m TS7006: \u001b[0mParameter 'res' implicitly has an 'any' type.\r\n\r\n\u001b[7m216\u001b[0m router.put('/profile', authenticateToken, asyncHandler(async (req: AuthRequest, res) => {\r\n\u001b[7m   \u001b[0m \u001b[91m                                                                                ~~~\u001b[0m\r\n\u001b[96msrc/routes/auth.ts\u001b[0m:\u001b[93m252\u001b[0m:\u001b[93m45\u001b[0m - \u001b[91merror\u001b[0m\u001b[90m TS7006: \u001b[0mParameter 'req' implicitly has an 'any' type.\r\n\r\n\u001b[7m252\u001b[0m router.post('/refresh', asyncHandler(async (req, res) => {\r\n\u001b[7m   \u001b[0m \u001b[91m                                            ~~~\u001b[0m\r\n\u001b[96msrc/routes/auth.ts\u001b[0m:\u001b[93m252\u001b[0m:\u001b[93m50\u001b[0m - \u001b[91merror\u001b[0m\u001b[90m TS7006: \u001b[0mParameter 'res' implicitly has an 'any' type.\r\n\r\n\u001b[7m252\u001b[0m router.post('/refresh', asyncHandler(async (req, res) => {\r\n\u001b[7m   \u001b[0m \u001b[91m                                                 ~~~\u001b[0m\r\n\nTSError: тип Unable to compile TypeScript:\n\u001b[96msrc/routes/auth.ts\u001b[0m:\u001b[93m11\u001b[0m:\u001b[93m46\u001b[0m - \u001b[91merror\u001b[0m\u001b[90m TS7006: \u001b[0mParameter 'req' implicitly has an 'any' type.\r\n\r\n\u001b[7m11\u001b[0m router.post('/register', asyncHandler(async (req, res) => {\r\n\u001b[7m  \u001b[0m \u001b[91m                                             ~~~\u001b[0m\r\n\u001b[96msrc/routes/auth.ts\u001b[0m:\u001b[93m11\u001b[0m:\u001b[93m51\u001b[0m - \u001b[91merror\u001b[0m\u001b[90m TS7006: \u001b[0mParameter 'res' implicitly has an 'any' type.\r\n\r\n\u001b[7m11\u001b[0m router.post('/register', asyncHandler(async (req, res) => {\r\n\u001b[7m  \u001b[0m \u001b[91m                                                  ~~~\u001b[0m\r\n\u001b[96msrc/routes/auth.ts\u001b[0m:\u001b[93m90\u001b[0m:\u001b[93m43\u001b[0m - \u001b[91merror\u001b[0m\u001b[90m TS7006: \u001b[0mParameter 'req' implicitly has an 'any' type.\r\n\r\n\u001b[7m90\u001b[0m router.post('/login', asyncHandler(async (req, res) => {\r\n\u001b[7m  \u001b[0m \u001b[91m                                          ~~~\u001b[0m\r\n\u001b[96msrc/routes/auth.ts\u001b[0m:\u001b[93m90\u001b[0m:\u001b[93m48\u001b[0m - \u001b[91merror\u001b[0m\u001b[90m TS7006: \u001b[0mParameter 'res' implicitly has an 'any' type.\r\n\r\n\u001b[7m90\u001b[0m router.post('/login', asyncHandler(async (req, res) => {\r\n\u001b[7m  \u001b[0m \u001b[91m                                               ~~~\u001b[0m\r\n\u001b[96msrc/routes/auth.ts\u001b[0m:\u001b[93m157\u001b[0m:\u001b[93m81\u001b[0m - \u001b[91merror\u001b[0m\u001b[90m TS7006: \u001b[0mParameter 'res' implicitly has an 'any' type.\r\n\r\n\u001b[7m157\u001b[0m router.post('/logout', authenticateToken, asyncHandler(async (req: AuthRequest, res) => {\r\n\u001b[7m   \u001b[0m \u001b[91m                                                                                ~~~\u001b[0m\r\n\u001b[96msrc/routes/auth.ts\u001b[0m:\u001b[93m179\u001b[0m:\u001b[93m81\u001b[0m - \u001b[91merror\u001b[0m\u001b[90m TS7006: \u001b[0mParameter 'res' implicitly has an 'any' type.\r\n\r\n\u001b[7m179\u001b[0m router.get('/profile', authenticateToken, asyncHandler(async (req: AuthRequest, res) => {\r\n\u001b[7m   \u001b[0m \u001b[91m                                                                                ~~~\u001b[0m\r\n\u001b[96msrc/routes/auth.ts\u001b[0m:\u001b[93m216\u001b[0m:\u001b[93m81\u001b[0m - \u001b[91merror\u001b[0m\u001b[90m TS7006: \u001b[0mParameter 'res' implicitly has an 'any' type.\r\n\r\n\u001b[7m216\u001b[0m router.put('/profile', authenticateToken, asyncHandler(async (req: AuthRequest, res) => {\r\n\u001b[7m   \u001b[0m \u001b[91m                                                                                ~~~\u001b[0m\r\n\u001b[96msrc/routes/auth.ts\u001b[0m:\u001b[93m252\u001b[0m:\u001b[93m45\u001b[0m - \u001b[91merror\u001b[0m\u001b[90m TS7006: \u001b[0mParameter 'req' implicitly has an 'any' type.\r\n\r\n\u001b[7m252\u001b[0m router.post('/refresh', asyncHandler(async (req, res) => {\r\n\u001b[7m   \u001b[0m \u001b[91m                                            ~~~\u001b[0m\r\n\u001b[96msrc/routes/auth.ts\u001b[0m:\u001b[93m252\u001b[0m:\u001b[93m50\u001b[0m - \u001b[91merror\u001b[0m\u001b[90m TS7006: \u001b[0mParameter 'res' implicitly has an 'any' type.\r\n\r\n\u001b[7m252\u001b[0m router.post('/refresh', asyncHandler(async (req, res) => {\r\n\u001b[7m   \u001b[0m \u001b[91m                                                 ~~~\u001b[0m\r\n\n    at createTSError (C:\\Users\\bigbo\\OneDrive\\Desktop\\Project\\Website\\node_modules\\ts-node\\src\\index.ts:859:12)\n    at reportTSError (C:\\Users\\bigbo\\OneDrive\\Desktop\\Project\\Website\\node_modules\\ts-node\\src\\index.ts:863:19)\n    at getOutput (C:\\Users\\bigbo\\OneDrive\\Desktop\\Project\\Website\\node_modules\\ts-node\\src\\index.ts:1077:36)\n    at Object.compile (C:\\Users\\bigbo\\OneDrive\\Desktop\\Project\\Website\\node_modules\\ts-node\\src\\index.ts:1433:41)\n    at Module.m._compile (C:\\Users\\bigbo\\OneDrive\\Desktop\\Project\\Website\\node_modules\\ts-node\\src\\index.ts:1617:30)\n    at node:internal/modules/cjs/loader:1820:10\n    at Object.require.extensions.<computed> [as .ts] (C:\\Users\\bigbo\\OneDrive\\Desktop\\Project\\Website\\node_modules\\ts-node\\src\\index.ts:1621:12)\n    at Module.load (node:internal/modules/cjs/loader:1423:32)\n    at Function._load (node:internal/modules/cjs/loader:1246:12)\n    at TracingChannel.traceSync (node:diagnostics_channel:322:14)","os":{"loadavg":[0,0,0],"uptime":39281.656},"process":{"argv":["C:\\Users\\bigbo\\OneDrive\\Desktop\\Project\\Website\\node_modules\\ts-node\\dist\\bin.js","C:\\Users\\bigbo\\OneDrive\\Desktop\\Project\\Website\\server\\src\\index.ts"],"cwd":"C:\\Users\\bigbo\\OneDrive\\Desktop\\Project\\Website\\server","execPath":"C:\\Program Files\\nodejs\\node.exe","gid":null,"memoryUsage":{"arrayBuffers":4942848,"external":7983349,"heapTotal":241393664,"heapUsed":219425048,"rss":288047104},"pid":10876,"uid":null,"version":"v22.18.0"},"service":"helpers-app-api","stack":"TSError: тип Unable to compile TypeScript:\n\u001b[96msrc/routes/auth.ts\u001b[0m:\u001b[93m11\u001b[0m:\u001b[93m46\u001b[0m - \u001b[91merror\u001b[0m\u001b[90m TS7006: \u001b[0mParameter 'req' implicitly has an 'any' type.\r\n\r\n\u001b[7m11\u001b[0m router.post('/register', asyncHandler(async (req, res) => {\r\n\u001b[7m  \u001b[0m \u001b[91m                                             ~~~\u001b[0m\r\n\u001b[96msrc/routes/auth.ts\u001b[0m:\u001b[93m11\u001b[0m:\u001b[93m51\u001b[0m - \u001b[91merror\u001b[0m\u001b[90m TS7006: \u001b[0mParameter 'res' implicitly has an 'any' type.\r\n\r\n\u001b[7m11\u001b[0m router.post('/register', asyncHandler(async (req, res) => {\r\n\u001b[7m  \u001b[0m \u001b[91m                                                  ~~~\u001b[0m\r\n\u001b[96msrc/routes/auth.ts\u001b[0m:\u001b[93m90\u001b[0m:\u001b[93m43\u001b[0m - \u001b[91merror\u001b[0m\u001b[90m TS7006: \u001b[0mParameter 'req' implicitly has an 'any' type.\r\n\r\n\u001b[7m90\u001b[0m router.post('/login', asyncHandler(async (req, res) => {\r\n\u001b[7m  \u001b[0m \u001b[91m                                          ~~~\u001b[0m\r\n\u001b[96msrc/routes/auth.ts\u001b[0m:\u001b[93m90\u001b[0m:\u001b[93m48\u001b[0m - \u001b[91merror\u001b[0m\u001b[90m TS7006: \u001b[0mParameter 'res' implicitly has an 'any' type.\r\n\r\n\u001b[7m90\u001b[0m router.post('/login', asyncHandler(async (req, res) => {\r\n\u001b[7m  \u001b[0m \u001b[91m                                               ~~~\u001b[0m\r\n\u001b[96msrc/routes/auth.ts\u001b[0m:\u001b[93m157\u001b[0m:\u001b[93m81\u001b[0m - \u001b[91merror\u001b[0m\u001b[90m TS7006: \u001b[0mParameter 'res' implicitly has an 'any' type.\r\n\r\n\u001b[7m157\u001b[0m router.post('/logout', authenticateToken, asyncHandler(async (req: AuthRequest, res) => {\r\n\u001b[7m   \u001b[0m \u001b[91m                                                                                ~~~\u001b[0m\r\n\u001b[96msrc/routes/auth.ts\u001b[0m:\u001b[93m179\u001b[0m:\u001b[93m81\u001b[0m - \u001b[91merror\u001b[0m\u001b[90m TS7006: \u001b[0mParameter 'res' implicitly has an 'any' type.\r\n\r\n\u001b[7m179\u001b[0m router.get('/profile', authenticateToken, asyncHandler(async (req: AuthRequest, res) => {\r\n\u001b[7m   \u001b[0m \u001b[91m                                                                                ~~~\u001b[0m\r\n\u001b[96msrc/routes/auth.ts\u001b[0m:\u001b[93m216\u001b[0m:\u001b[93m81\u001b[0m - \u001b[91merror\u001b[0m\u001b[90m TS7006: \u001b[0mParameter 'res' implicitly has an 'any' type.\r\n\r\n\u001b[7m216\u001b[0m router.put('/profile', authenticateToken, asyncHandler(async (req: AuthRequest, res) => {\r\n\u001b[7m   \u001b[0m \u001b[91m                                                                                ~~~\u001b[0m\r\n\u001b[96msrc/routes/auth.ts\u001b[0m:\u001b[93m252\u001b[0m:\u001b[93m45\u001b[0m - \u001b[91merror\u001b[0m\u001b[90m TS7006: \u001b[0mParameter 'req' implicitly has an 'any' type.\r\n\r\n\u001b[7m252\u001b[0m router.post('/refresh', asyncHandler(async (req, res) => {\r\n\u001b[7m   \u001b[0m \u001b[91m                                            ~~~\u001b[0m\r\n\u001b[96msrc/routes/auth.ts\u001b[0m:\u001b[93m252\u001b[0m:\u001b[93m50\u001b[0m - \u001b[91merror\u001b[0m\u001b[90m TS7006: \u001b[0mParameter 'res' implicitly has an 'any' type.\r\n\r\n\u001b[7m252\u001b[0m router.post('/refresh', asyncHandler(async (req, res) => {\r\n\u001b[7m   \u001b[0m \u001b[91m                                                 ~~~\u001b[0m\r\n\n    at createTSError (C:\\Users\\bigbo\\OneDrive\\Desktop\\Project\\Website\\node_modules\\ts-node\\src\\index.ts:859:12)\n    at reportTSError (C:\\Users\\bigbo\\OneDrive\\Desktop\\Project\\Website\\node_modules\\ts-node\\src\\index.ts:863:19)\n    at getOutput (C:\\Users\\bigbo\\OneDrive\\Desktop\\Project\\Website\\node_modules\\ts-node\\src\\index.ts:1077:36)\n    at Object.compile (C:\\Users\\bigbo\\OneDrive\\Desktop\\Project\\Website\\node_modules\\ts-node\\src\\index.ts:1433:41)\n    at Module.m._compile (C:\\Users\\bigbo\\OneDrive\\Desktop\\Project\\Website\\node_modules\\ts-node\\src\\index.ts:1617:30)\n    at node:internal/modules/cjs/loader:1820:10\n    at Object.require.extensions.<computed> [as .ts] (C:\\Users\\bigbo\\OneDrive\\Desktop\\Project\\Website\\node_modules\\ts-node\\src\\index.ts:1621:12)\n    at Module.load (node:internal/modules/cjs/loader:1423:32)\n    at Function._load (node:internal/modules/cjs/loader:1246:12)\n    at TracingChannel.traceSync (node:diagnostics_channel:322:14)","timestamp":"2025-08-28T09:18:41.437Z","trace":[{"column":12,"file":"C:\\Users\\bigbo\\OneDrive\\Desktop\\Project\\Website\\node_modules\\ts-node\\src\\index.ts","function":"createTSError","line":859,"method":null,"native":false},{"column":19,"file":"C:\\Users\\bigbo\\OneDrive\\Desktop\\Project\\Website\\node_modules\\ts-node\\src\\index.ts","function":"reportTSError","line":863,"method":null,"native":false},{"column":36,"file":"C:\\Users\\bigbo\\OneDrive\\Desktop\\Project\\Website\\node_modules\\ts-node\\src\\index.ts","function":"getOutput","line":1077,"method":null,"native":false},{"column":41,"file":"C:\\Users\\bigbo\\OneDrive\\Desktop\\Project\\Website\\node_modules\\ts-node\\src\\index.ts","function":"Object.compile","line":1433,"method":"compile","native":false},{"column":30,"file":"C:\\Users\\bigbo\\OneDrive\\Desktop\\Project\\Website\\node_modules\\ts-node\\src\\index.ts","function":"Module.m._compile","line":1617,"method":"_compile","native":false},{"column":10,"file":"node:internal/modules/cjs/loader","function":null,"line":1820,"method":null,"native":false},{"column":12,"file":"C:\\Users\\bigbo\\OneDrive\\Desktop\\Project\\Website\\node_modules\\ts-node\\src\\index.ts","function":"Object.require.extensions.<computed> [as .ts]","line":1621,"method":"ts]","native":false},{"column":32,"file":"node:internal/modules/cjs/loader","function":"Module.load","line":1423,"method":"load","native":false},{"column":12,"file":"node:internal/modules/cjs/loader","function":"Function._load","line":1246,"method":"_load","native":false},{"column":14,"file":"node:diagnostics_channel","function":"TracingChannel.traceSync","line":322,"method":"traceSync","native":false}]}
{"date":"Mon Sep 01 2025 00:27:11 GMT+0530 (India Standard Time)","error":{"diagnosticCodes":[7006,7006,7006,7006,7006,7006,7006,7006,7006]},"exception":true,"level":"error","message":"uncaughtException: тип Unable to compile TypeScript:\nsrc/routes/auth.ts(11,46): error TS7006: Parameter 'req' implicitly has an 'any' type.\r\nsrc/routes/auth.ts(11,51): error TS7006: Parameter 'res' implicitly has an 'any' type.\r\nsrc/routes/auth.ts(90,43): error TS7006: Parameter 'req' implicitly has an 'any' type.\r\nsrc/routes/auth.ts(90,48): error TS7006: Parameter 'res' implicitly has an 'any' type.\r\nsrc/routes/auth.ts(157,81): error TS7006: Parameter 'res' implicitly has an 'any' type.\r\nsrc/routes/auth.ts(179,81): error TS7006: Parameter 'res' implicitly has an 'any' type.\r\nsrc/routes/auth.ts(216,81): error TS7006: Parameter 'res' implicitly has an 'any' type.\r\nsrc/routes/auth.ts(252,45): error TS7006: Parameter 'req' implicitly has an 'any' type.\r\nsrc/routes/auth.ts(252,50): error TS7006: Parameter 'res' implicitly has an 'any' type.\r\n\nTSError: тип Unable to compile TypeScript:\nsrc/routes/auth.ts(11,46): error TS7006: Parameter 'req' implicitly has an 'any' type.\r\nsrc/routes/auth.ts(11,51): error TS7006: Parameter 'res' implicitly has an 'any' type.\r\nsrc/routes/auth.ts(90,43): error TS7006: Parameter 'req' implicitly has an 'any' type.\r\nsrc/routes/auth.ts(90,48): error TS7006: Parameter 'res' implicitly has an 'any' type.\r\nsrc/routes/auth.ts(157,81): error TS7006: Parameter 'res' implicitly has an 'any' type.\r\nsrc/routes/auth.ts(179,81): error TS7006: Parameter 'res' implicitly has an 'any' type.\r\nsrc/routes/auth.ts(216,81): error TS7006: Parameter 'res' implicitly has an 'any' type.\r\nsrc/routes/auth.ts(252,45): error TS7006: Parameter 'req' implicitly has an 'any' type.\r\nsrc/routes/auth.ts(252,50): error TS7006: Parameter 'res' implicitly has an 'any' type.\r\n\n    at createTSError (C:\\Users\\bigbo\\OneDrive\\Desktop\\Project\\Website\\node_modules\\ts-node\\src\\index.ts:859:12)\n    at reportTSError (C:\\Users\\bigbo\\OneDrive\\Desktop\\Project\\Website\\node_modules\\ts-node\\src\\index.ts:863:19)\n    at getOutput (C:\\Users\\bigbo\\OneDrive\\Desktop\\Project\\Website\\node_modules\\ts-node\\src\\index.ts:1077:36)\n    at Object.compile (C:\\Users\\bigbo\\OneDrive\\Desktop\\Project\\Website\\node_modules\\ts-node\\src\\index.ts:1433:41)\n    at Module.m._compile (C:\\Users\\bigbo\\OneDrive\\Desktop\\Project\\Website\\node_modules\\ts-node\\src\\index.ts:1617:30)\n    at node:internal/modules/cjs/loader:1820:10\n    at Object.require.extensions.<computed> [as .ts] (C:\\Users\\bigbo\\OneDrive\\Desktop\\Project\\Website\\node_modules\\ts-node\\src\\index.ts:1621:12)\n    at Module.load (node:internal/modules/cjs/loader:1423:32)\n    at Function._load (node:internal/modules/cjs/loader:1246:12)\n    at TracingChannel.traceSync (node:diagnostics_channel:322:14)","os":{"loadavg":[0,0,0],"uptime":165859.687},"process":{"argv":["C:\\Users\\bigbo\\OneDrive\\Desktop\\Project\\Website\\node_modules\\ts-node\\dist\\bin.js","C:\\Users\\bigbo\\OneDrive\\Desktop\\Project\\Website\\server\\src\\index.ts"],"cwd":"C:\\Users\\bigbo\\OneDrive\\Desktop\\Project\\Website\\server","execPath":"C:\\Program Files\\nodejs\\node.exe","gid":null,"memoryUsage":{"arrayBuffers":4986472,"external":8026973,"heapTotal":254791680,"heapUsed":221564984,"rss":302981120},"pid":8412,"uid":null,"version":"v22.18.0"},"service":"helpers-app-api","stack":"TSError: тип Unable to compile TypeScript:\nsrc/routes/auth.ts(11,46): error TS7006: Parameter 'req' implicitly has an 'any' type.\r\nsrc/routes/auth.ts(11,51): error TS7006: Parameter 'res' implicitly has an 'any' type.\r\nsrc/routes/auth.ts(90,43): error TS7006: Parameter 'req' implicitly has an 'any' type.\r\nsrc/routes/auth.ts(90,48): error TS7006: Parameter 'res' implicitly has an 'any' type.\r\nsrc/routes/auth.ts(157,81): error TS7006: Parameter 'res' implicitly has an 'any' type.\r\nsrc/routes/auth.ts(179,81): error TS7006: Parameter 'res' implicitly has an 'any' type.\r\nsrc/routes/auth.ts(216,81): error TS7006: Parameter 'res' implicitly has an 'any' type.\r\nsrc/routes/auth.ts(252,45): error TS7006: Parameter 'req' implicitly has an 'any' type.\r\nsrc/routes/auth.ts(252,50): error TS7006: Parameter 'res' implicitly has an 'any' type.\r\n\n    at createTSError (C:\\Users\\bigbo\\OneDrive\\Desktop\\Project\\Website\\node_modules\\ts-node\\src\\index.ts:859:12)\n    at reportTSError (C:\\Users\\bigbo\\OneDrive\\Desktop\\Project\\Website\\node_modules\\ts-node\\src\\index.ts:863:19)\n    at getOutput (C:\\Users\\bigbo\\OneDrive\\Desktop\\Project\\Website\\node_modules\\ts-node\\src\\index.ts:1077:36)\n    at Object.compile (C:\\Users\\bigbo\\OneDrive\\Desktop\\Project\\Website\\node_modules\\ts-node\\src\\index.ts:1433:41)\n    at Module.m._compile (C:\\Users\\bigbo\\OneDrive\\Desktop\\Project\\Website\\node_modules\\ts-node\\src\\index.ts:1617:30)\n    at node:internal/modules/cjs/loader:1820:10\n    at Object.require.extensions.<computed> [as .ts] (C:\\Users\\bigbo\\OneDrive\\Desktop\\Project\\Website\\node_modules\\ts-node\\src\\index.ts:1621:12)\n    at Module.load (node:internal/modules/cjs/loader:1423:32)\n    at Function._load (node:internal/modules/cjs/loader:1246:12)\n    at TracingChannel.traceSync (node:diagnostics_channel:322:14)","timestamp":"2025-08-31T18:57:11.250Z","trace":[{"column":12,"file":"C:\\Users\\bigbo\\OneDrive\\Desktop\\Project\\Website\\node_modules\\ts-node\\src\\index.ts","function":"createTSError","line":859,"method":null,"native":false},{"column":19,"file":"C:\\Users\\bigbo\\OneDrive\\Desktop\\Project\\Website\\node_modules\\ts-node\\src\\index.ts","function":"reportTSError","line":863,"method":null,"native":false},{"column":36,"file":"C:\\Users\\bigbo\\OneDrive\\Desktop\\Project\\Website\\node_modules\\ts-node\\src\\index.ts","function":"getOutput","line":1077,"method":null,"native":false},{"column":41,"file":"C:\\Users\\bigbo\\OneDrive\\Desktop\\Project\\Website\\node_modules\\ts-node\\src\\index.ts","function":"Object.compile","line":1433,"method":"compile","native":false},{"column":30,"file":"C:\\Users\\bigbo\\OneDrive\\Desktop\\Project\\Website\\node_modules\\ts-node\\src\\index.ts","function":"Module.m._compile","line":1617,"method":"_compile","native":false},{"column":10,"file":"node:internal/modules/cjs/loader","function":null,"line":1820,"method":null,"native":false},{"column":12,"file":"C:\\Users\\bigbo\\OneDrive\\Desktop\\Project\\Website\\node_modules\\ts-node\\src\\index.ts","function":"Object.require.extensions.<computed> [as .ts]","line":1621,"method":"ts]","native":false},{"column":32,"file":"node:internal/modules/cjs/loader","function":"Module.load","line":1423,"method":"load","native":false},{"column":12,"file":"node:internal/modules/cjs/loader","function":"Function._load","line":1246,"method":"_load","native":false},{"column":14,"file":"node:diagnostics_channel","function":"TracingChannel.traceSync","line":322,"method":"traceSync","native":false}]}
{"date":"Mon Sep 01 2025 00:46:37 GMT+0530 (India Standard Time)","error":{"diagnosticCodes":[7006,7006,7006,7006,7006,7006,7006,7006,7006]},"exception":true,"level":"error","message":"uncaughtException: тип Unable to compile TypeScript:\nsrc/routes/auth.ts(11,46): error TS7006: Parameter 'req' implicitly has an 'any' type.\r\nsrc/routes/auth.ts(11,51): error TS7006: Parameter 'res' implicitly has an 'any' type.\r\nsrc/routes/auth.ts(90,43): error TS7006: Parameter 'req' implicitly has an 'any' type.\r\nsrc/routes/auth.ts(90,48): error TS7006: Parameter 'res' implicitly has an 'any' type.\r\nsrc/routes/auth.ts(157,81): error TS7006: Parameter 'res' implicitly has an 'any' type.\r\nsrc/routes/auth.ts(179,81): error TS7006: Parameter 'res' implicitly has an 'any' type.\r\nsrc/routes/auth.ts(216,81): error TS7006: Parameter 'res' implicitly has an 'any' type.\r\nsrc/routes/auth.ts(252,45): error TS7006: Parameter 'req' implicitly has an 'any' type.\r\nsrc/routes/auth.ts(252,50): error TS7006: Parameter 'res' implicitly has an 'any' type.\r\n\nTSError: тип Unable to compile TypeScript:\nsrc/routes/auth.ts(11,46): error TS7006: Parameter 'req' implicitly has an 'any' type.\r\nsrc/routes/auth.ts(11,51): error TS7006: Parameter 'res' implicitly has an 'any' type.\r\nsrc/routes/auth.ts(90,43): error TS7006: Parameter 'req' implicitly has an 'any' type.\r\nsrc/routes/auth.ts(90,48): error TS7006: Parameter 'res' implicitly has an 'any' type.\r\nsrc/routes/auth.ts(157,81): error TS7006: Parameter 'res' implicitly has an 'any' type.\r\nsrc/routes/auth.ts(179,81): error TS7006: Parameter 'res' implicitly has an 'any' type.\r\nsrc/routes/auth.ts(216,81): error TS7006: Parameter 'res' implicitly has an 'any' type.\r\nsrc/routes/auth.ts(252,45): error TS7006: Parameter 'req' implicitly has an 'any' type.\r\nsrc/routes/auth.ts(252,50): error TS7006: Parameter 'res' implicitly has an 'any' type.\r\n\n    at createTSError (C:\\Users\\bigbo\\OneDrive\\Desktop\\Project\\Website\\node_modules\\ts-node\\src\\index.ts:859:12)\n    at reportTSError (C:\\Users\\bigbo\\OneDrive\\Desktop\\Project\\Website\\node_modules\\ts-node\\src\\index.ts:863:19)\n    at getOutput (C:\\Users\\bigbo\\OneDrive\\Desktop\\Project\\Website\\node_modules\\ts-node\\src\\index.ts:1077:36)\n    at Object.compile (C:\\Users\\bigbo\\OneDrive\\Desktop\\Project\\Website\\node_modules\\ts-node\\src\\index.ts:1433:41)\n    at Module.m._compile (C:\\Users\\bigbo\\OneDrive\\Desktop\\Project\\Website\\node_modules\\ts-node\\src\\index.ts:1617:30)\n    at node:internal/modules/cjs/loader:1820:10\n    at Object.require.extensions.<computed> [as .ts] (C:\\Users\\bigbo\\OneDrive\\Desktop\\Project\\Website\\node_modules\\ts-node\\src\\index.ts:1621:12)\n    at Module.load (node:internal/modules/cjs/loader:1423:32)\n    at Function._load (node:internal/modules/cjs/loader:1246:12)\n    at TracingChannel.traceSync (node:diagnostics_channel:322:14)","os":{"loadavg":[0,0,0],"uptime":167026.343},"process":{"argv":["C:\\Users\\bigbo\\OneDrive\\Desktop\\Project\\Website\\node_modules\\ts-node\\dist\\bin.js","C:\\Users\\bigbo\\OneDrive\\Desktop\\Project\\Website\\server\\src\\index.ts"],"cwd":"C:\\Users\\bigbo\\OneDrive\\Desktop\\Project\\Website\\server","execPath":"C:\\Program Files\\nodejs\\node.exe","gid":null,"memoryUsage":{"arrayBuffers":4995130,"external":8035631,"heapTotal":255508480,"heapUsed":220959072,"rss":304046080},"pid":23212,"uid":null,"version":"v22.18.0"},"service":"helpers-app-api","stack":"TSError: тип Unable to compile TypeScript:\nsrc/routes/auth.ts(11,46): error TS7006: Parameter 'req' implicitly has an 'any' type.\r\nsrc/routes/auth.ts(11,51): error TS7006: Parameter 'res' implicitly has an 'any' type.\r\nsrc/routes/auth.ts(90,43): error TS7006: Parameter 'req' implicitly has an 'any' type.\r\nsrc/routes/auth.ts(90,48): error TS7006: Parameter 'res' implicitly has an 'any' type.\r\nsrc/routes/auth.ts(157,81): error TS7006: Parameter 'res' implicitly has an 'any' type.\r\nsrc/routes/auth.ts(179,81): error TS7006: Parameter 'res' implicitly has an 'any' type.\r\nsrc/routes/auth.ts(216,81): error TS7006: Parameter 'res' implicitly has an 'any' type.\r\nsrc/routes/auth.ts(252,45): error TS7006: Parameter 'req' implicitly has an 'any' type.\r\nsrc/routes/auth.ts(252,50): error TS7006: Parameter 'res' implicitly has an 'any' type.\r\n\n    at createTSError (C:\\Users\\bigbo\\OneDrive\\Desktop\\Project\\Website\\node_modules\\ts-node\\src\\index.ts:859:12)\n    at reportTSError (C:\\Users\\bigbo\\OneDrive\\Desktop\\Project\\Website\\node_modules\\ts-node\\src\\index.ts:863:19)\n    at getOutput (C:\\Users\\bigbo\\OneDrive\\Desktop\\Project\\Website\\node_modules\\ts-node\\src\\index.ts:1077:36)\n    at Object.compile (C:\\Users\\bigbo\\OneDrive\\Desktop\\Project\\Website\\node_modules\\ts-node\\src\\index.ts:1433:41)\n    at Module.m._compile (C:\\Users\\bigbo\\OneDrive\\Desktop\\Project\\Website\\node_modules\\ts-node\\src\\index.ts:1617:30)\n    at node:internal/modules/cjs/loader:1820:10\n    at Object.require.extensions.<computed> [as .ts] (C:\\Users\\bigbo\\OneDrive\\Desktop\\Project\\Website\\node_modules\\ts-node\\src\\index.ts:1621:12)\n    at Module.load (node:internal/modules/cjs/loader:1423:32)\n    at Function._load (node:internal/modules/cjs/loader:1246:12)\n    at TracingChannel.traceSync (node:diagnostics_channel:322:14)","timestamp":"2025-08-31T19:16:37.907Z","trace":[{"column":12,"file":"C:\\Users\\bigbo\\OneDrive\\Desktop\\Project\\Website\\node_modules\\ts-node\\src\\index.ts","function":"createTSError","line":859,"method":null,"native":false},{"column":19,"file":"C:\\Users\\bigbo\\OneDrive\\Desktop\\Project\\Website\\node_modules\\ts-node\\src\\index.ts","function":"reportTSError","line":863,"method":null,"native":false},{"column":36,"file":"C:\\Users\\bigbo\\OneDrive\\Desktop\\Project\\Website\\node_modules\\ts-node\\src\\index.ts","function":"getOutput","line":1077,"method":null,"native":false},{"column":41,"file":"C:\\Users\\bigbo\\OneDrive\\Desktop\\Project\\Website\\node_modules\\ts-node\\src\\index.ts","function":"Object.compile","line":1433,"method":"compile","native":false},{"column":30,"file":"C:\\Users\\bigbo\\OneDrive\\Desktop\\Project\\Website\\node_modules\\ts-node\\src\\index.ts","function":"Module.m._compile","line":1617,"method":"_compile","native":false},{"column":10,"file":"node:internal/modules/cjs/loader","function":null,"line":1820,"method":null,"native":false},{"column":12,"file":"C:\\Users\\bigbo\\OneDrive\\Desktop\\Project\\Website\\node_modules\\ts-node\\src\\index.ts","function":"Object.require.extensions.<computed> [as .ts]","line":1621,"method":"ts]","native":false},{"column":32,"file":"node:internal/modules/cjs/loader","function":"Module.load","line":1423,"method":"load","native":false},{"column":12,"file":"node:internal/modules/cjs/loader","function":"Function._load","line":1246,"method":"_load","native":false},{"column":14,"file":"node:diagnostics_channel","function":"TracingChannel.traceSync","line":322,"method":"traceSync","native":false}]}
{"date":"Mon Sep 01 2025 00:59:27 GMT+0530 (India Standard Time)","error":{"diagnosticCodes":[7006,7006,7006,7006,7006,7006,7006,7006,7006]},"exception":true,"level":"error","message":"uncaughtException: тип Unable to compile TypeScript:\nsrc/routes/auth.ts(11,46): error TS7006: Parameter 'req' implicitly has an 'any' type.\r\nsrc/routes/auth.ts(11,51): error TS7006: Parameter 'res' implicitly has an 'any' type.\r\nsrc/routes/auth.ts(90,43): error TS7006: Parameter 'req' implicitly has an 'any' type.\r\nsrc/routes/auth.ts(90,48): error TS7006: Parameter 'res' implicitly has an 'any' type.\r\nsrc/routes/auth.ts(157,81): error TS7006: Parameter 'res' implicitly has an 'any' type.\r\nsrc/routes/auth.ts(179,81): error TS7006: Parameter 'res' implicitly has an 'any' type.\r\nsrc/routes/auth.ts(216,81): error TS7006: Parameter 'res' implicitly has an 'any' type.\r\nsrc/routes/auth.ts(252,45): error TS7006: Parameter 'req' implicitly has an 'any' type.\r\nsrc/routes/auth.ts(252,50): error TS7006: Parameter 'res' implicitly has an 'any' type.\r\n\nTSError: тип Unable to compile TypeScript:\nsrc/routes/auth.ts(11,46): error TS7006: Parameter 'req' implicitly has an 'any' type.\r\nsrc/routes/auth.ts(11,51): error TS7006: Parameter 'res' implicitly has an 'any' type.\r\nsrc/routes/auth.ts(90,43): error TS7006: Parameter 'req' implicitly has an 'any' type.\r\nsrc/routes/auth.ts(90,48): error TS7006: Parameter 'res' implicitly has an 'any' type.\r\nsrc/routes/auth.ts(157,81): error TS7006: Parameter 'res' implicitly has an 'any' type.\r\nsrc/routes/auth.ts(179,81): error TS7006: Parameter 'res' implicitly has an 'any' type.\r\nsrc/routes/auth.ts(216,81): error TS7006: Parameter 'res' implicitly has an 'any' type.\r\nsrc/routes/auth.ts(252,45): error TS7006: Parameter 'req' implicitly has an 'any' type.\r\nsrc/routes/auth.ts(252,50): error TS7006: Parameter 'res' implicitly has an 'any' type.\r\n\n    at createTSError (C:\\Users\\bigbo\\OneDrive\\Desktop\\Project\\Website\\node_modules\\ts-node\\src\\index.ts:859:12)\n    at reportTSError (C:\\Users\\bigbo\\OneDrive\\Desktop\\Project\\Website\\node_modules\\ts-node\\src\\index.ts:863:19)\n    at getOutput (C:\\Users\\bigbo\\OneDrive\\Desktop\\Project\\Website\\node_modules\\ts-node\\src\\index.ts:1077:36)\n    at Object.compile (C:\\Users\\bigbo\\OneDrive\\Desktop\\Project\\Website\\node_modules\\ts-node\\src\\index.ts:1433:41)\n    at Module.m._compile (C:\\Users\\bigbo\\OneDrive\\Desktop\\Project\\Website\\node_modules\\ts-node\\src\\index.ts:1617:30)\n    at node:internal/modules/cjs/loader:1820:10\n    at Object.require.extensions.<computed> [as .ts] (C:\\Users\\bigbo\\OneDrive\\Desktop\\Project\\Website\\node_modules\\ts-node\\src\\index.ts:1621:12)\n    at Module.load (node:internal/modules/cjs/loader:1423:32)\n    at Function._load (node:internal/modules/cjs/loader:1246:12)\n    at TracingChannel.traceSync (node:diagnostics_channel:322:14)","os":{"loadavg":[0,0,0],"uptime":167795.937},"process":{"argv":["C:\\Users\\bigbo\\OneDrive\\Desktop\\Project\\Website\\node_modules\\ts-node\\dist\\bin.js","C:\\Users\\bigbo\\OneDrive\\Desktop\\Project\\Website\\server\\src\\index.ts"],"cwd":"C:\\Users\\bigbo\\OneDrive\\Desktop\\Project\\Website\\server","execPath":"C:\\Program Files\\nodejs\\node.exe","gid":null,"memoryUsage":{"arrayBuffers":4986810,"external":8027311,"heapTotal":255053824,"heapUsed":221014632,"rss":303460352},"pid":31612,"uid":null,"version":"v22.18.0"},"service":"helpers-app-api","stack":"TSError: тип Unable to compile TypeScript:\nsrc/routes/auth.ts(11,46): error TS7006: Parameter 'req' implicitly has an 'any' type.\r\nsrc/routes/auth.ts(11,51): error TS7006: Parameter 'res' implicitly has an 'any' type.\r\nsrc/routes/auth.ts(90,43): error TS7006: Parameter 'req' implicitly has an 'any' type.\r\nsrc/routes/auth.ts(90,48): error TS7006: Parameter 'res' implicitly has an 'any' type.\r\nsrc/routes/auth.ts(157,81): error TS7006: Parameter 'res' implicitly has an 'any' type.\r\nsrc/routes/auth.ts(179,81): error TS7006: Parameter 'res' implicitly has an 'any' type.\r\nsrc/routes/auth.ts(216,81): error TS7006: Parameter 'res' implicitly has an 'any' type.\r\nsrc/routes/auth.ts(252,45): error TS7006: Parameter 'req' implicitly has an 'any' type.\r\nsrc/routes/auth.ts(252,50): error TS7006: Parameter 'res' implicitly has an 'any' type.\r\n\n    at createTSError (C:\\Users\\bigbo\\OneDrive\\Desktop\\Project\\Website\\node_modules\\ts-node\\src\\index.ts:859:12)\n    at reportTSError (C:\\Users\\bigbo\\OneDrive\\Desktop\\Project\\Website\\node_modules\\ts-node\\src\\index.ts:863:19)\n    at getOutput (C:\\Users\\bigbo\\OneDrive\\Desktop\\Project\\Website\\node_modules\\ts-node\\src\\index.ts:1077:36)\n    at Object.compile (C:\\Users\\bigbo\\OneDrive\\Desktop\\Project\\Website\\node_modules\\ts-node\\src\\index.ts:1433:41)\n    at Module.m._compile (C:\\Users\\bigbo\\OneDrive\\Desktop\\Project\\Website\\node_modules\\ts-node\\src\\index.ts:1617:30)\n    at node:internal/modules/cjs/loader:1820:10\n    at Object.require.extensions.<computed> [as .ts] (C:\\Users\\bigbo\\OneDrive\\Desktop\\Project\\Website\\node_modules\\ts-node\\src\\index.ts:1621:12)\n    at Module.load (node:internal/modules/cjs/loader:1423:32)\n    at Function._load (node:internal/modules/cjs/loader:1246:12)\n    at TracingChannel.traceSync (node:diagnostics_channel:322:14)","timestamp":"2025-08-31T19:29:27.508Z","trace":[{"column":12,"file":"C:\\Users\\bigbo\\OneDrive\\Desktop\\Project\\Website\\node_modules\\ts-node\\src\\index.ts","function":"createTSError","line":859,"method":null,"native":false},{"column":19,"file":"C:\\Users\\bigbo\\OneDrive\\Desktop\\Project\\Website\\node_modules\\ts-node\\src\\index.ts","function":"reportTSError","line":863,"method":null,"native":false},{"column":36,"file":"C:\\Users\\bigbo\\OneDrive\\Desktop\\Project\\Website\\node_modules\\ts-node\\src\\index.ts","function":"getOutput","line":1077,"method":null,"native":false},{"column":41,"file":"C:\\Users\\bigbo\\OneDrive\\Desktop\\Project\\Website\\node_modules\\ts-node\\src\\index.ts","function":"Object.compile","line":1433,"method":"compile","native":false},{"column":30,"file":"C:\\Users\\bigbo\\OneDrive\\Desktop\\Project\\Website\\node_modules\\ts-node\\src\\index.ts","function":"Module.m._compile","line":1617,"method":"_compile","native":false},{"column":10,"file":"node:internal/modules/cjs/loader","function":null,"line":1820,"method":null,"native":false},{"column":12,"file":"C:\\Users\\bigbo\\OneDrive\\Desktop\\Project\\Website\\node_modules\\ts-node\\src\\index.ts","function":"Object.require.extensions.<computed> [as .ts]","line":1621,"method":"ts]","native":false},{"column":32,"file":"node:internal/modules/cjs/loader","function":"Module.load","line":1423,"method":"load","native":false},{"column":12,"file":"node:internal/modules/cjs/loader","function":"Function._load","line":1246,"method":"_load","native":false},{"column":14,"file":"node:diagnostics_channel","function":"TracingChannel.traceSync","line":322,"method":"traceSync","native":false}]}
{"date":"Mon Sep 01 2025 01:37:25 GMT+0530 (India Standard Time)","error":{"diagnosticCodes":[7006,7006,7006,7006,7006,7006,7006,7006,7006]},"exception":true,"level":"error","message":"uncaughtException: тип Unable to compile TypeScript:\nsrc/routes/auth.ts(11,46): error TS7006: Parameter 'req' implicitly has an 'any' type.\r\nsrc/routes/auth.ts(11,51): error TS7006: Parameter 'res' implicitly has an 'any' type.\r\nsrc/routes/auth.ts(90,43): error TS7006: Parameter 'req' implicitly has an 'any' type.\r\nsrc/routes/auth.ts(90,48): error TS7006: Parameter 'res' implicitly has an 'any' type.\r\nsrc/routes/auth.ts(157,81): error TS7006: Parameter 'res' implicitly has an 'any' type.\r\nsrc/routes/auth.ts(179,81): error TS7006: Parameter 'res' implicitly has an 'any' type.\r\nsrc/routes/auth.ts(216,81): error TS7006: Parameter 'res' implicitly has an 'any' type.\r\nsrc/routes/auth.ts(252,45): error TS7006: Parameter 'req' implicitly has an 'any' type.\r\nsrc/routes/auth.ts(252,50): error TS7006: Parameter 'res' implicitly has an 'any' type.\r\n\nTSError: тип Unable to compile TypeScript:\nsrc/routes/auth.ts(11,46): error TS7006: Parameter 'req' implicitly has an 'any' type.\r\nsrc/routes/auth.ts(11,51): error TS7006: Parameter 'res' implicitly has an 'any' type.\r\nsrc/routes/auth.ts(90,43): error TS7006: Parameter 'req' implicitly has an 'any' type.\r\nsrc/routes/auth.ts(90,48): error TS7006: Parameter 'res' implicitly has an 'any' type.\r\nsrc/routes/auth.ts(157,81): error TS7006: Parameter 'res' implicitly has an 'any' type.\r\nsrc/routes/auth.ts(179,81): error TS7006: Parameter 'res' implicitly has an 'any' type.\r\nsrc/routes/auth.ts(216,81): error TS7006: Parameter 'res' implicitly has an 'any' type.\r\nsrc/routes/auth.ts(252,45): error TS7006: Parameter 'req' implicitly has an 'any' type.\r\nsrc/routes/auth.ts(252,50): error TS7006: Parameter 'res' implicitly has an 'any' type.\r\n\n    at createTSError (C:\\Users\\bigbo\\OneDrive\\Desktop\\Project\\Website\\node_modules\\ts-node\\src\\index.ts:859:12)\n    at reportTSError (C:\\Users\\bigbo\\OneDrive\\Desktop\\Project\\Website\\node_modules\\ts-node\\src\\index.ts:863:19)\n    at getOutput (C:\\Users\\bigbo\\OneDrive\\Desktop\\Project\\Website\\node_modules\\ts-node\\src\\index.ts:1077:36)\n    at Object.compile (C:\\Users\\bigbo\\OneDrive\\Desktop\\Project\\Website\\node_modules\\ts-node\\src\\index.ts:1433:41)\n    at Module.m._compile (C:\\Users\\bigbo\\OneDrive\\Desktop\\Project\\Website\\node_modules\\ts-node\\src\\index.ts:1617:30)\n    at node:internal/modules/cjs/loader:1820:10\n    at Object.require.extensions.<computed> [as .ts] (C:\\Users\\bigbo\\OneDrive\\Desktop\\Project\\Website\\node_modules\\ts-node\\src\\index.ts:1621:12)\n    at Module.load (node:internal/modules/cjs/loader:1423:32)\n    at Function._load (node:internal/modules/cjs/loader:1246:12)\n    at TracingChannel.traceSync (node:diagnostics_channel:322:14)","os":{"loadavg":[0,0,0],"uptime":170073.796},"process":{"argv":["C:\\Users\\bigbo\\OneDrive\\Desktop\\Project\\Website\\node_modules\\ts-node\\dist\\bin.js","C:\\Users\\bigbo\\OneDrive\\Desktop\\Project\\Website\\server\\src\\index.ts"],"cwd":"C:\\Users\\bigbo\\OneDrive\\Desktop\\Project\\Website\\server","execPath":"C:\\Program Files\\nodejs\\node.exe","gid":null,"memoryUsage":{"arrayBuffers":5003138,"external":8043639,"heapTotal":255315968,"heapUsed":220495728,"rss":303149056},"pid":20472,"uid":null,"version":"v22.18.0"},"service":"helpers-app-api","stack":"TSError: тип Unable to compile TypeScript:\nsrc/routes/auth.ts(11,46): error TS7006: Parameter 'req' implicitly has an 'any' type.\r\nsrc/routes/auth.ts(11,51): error TS7006: Parameter 'res' implicitly has an 'any' type.\r\nsrc/routes/auth.ts(90,43): error TS7006: Parameter 'req' implicitly has an 'any' type.\r\nsrc/routes/auth.ts(90,48): error TS7006: Parameter 'res' implicitly has an 'any' type.\r\nsrc/routes/auth.ts(157,81): error TS7006: Parameter 'res' implicitly has an 'any' type.\r\nsrc/routes/auth.ts(179,81): error TS7006: Parameter 'res' implicitly has an 'any' type.\r\nsrc/routes/auth.ts(216,81): error TS7006: Parameter 'res' implicitly has an 'any' type.\r\nsrc/routes/auth.ts(252,45): error TS7006: Parameter 'req' implicitly has an 'any' type.\r\nsrc/routes/auth.ts(252,50): error TS7006: Parameter 'res' implicitly has an 'any' type.\r\n\n    at createTSError (C:\\Users\\bigbo\\OneDrive\\Desktop\\Project\\Website\\node_modules\\ts-node\\src\\index.ts:859:12)\n    at reportTSError (C:\\Users\\bigbo\\OneDrive\\Desktop\\Project\\Website\\node_modules\\ts-node\\src\\index.ts:863:19)\n    at getOutput (C:\\Users\\bigbo\\OneDrive\\Desktop\\Project\\Website\\node_modules\\ts-node\\src\\index.ts:1077:36)\n    at Object.compile (C:\\Users\\bigbo\\OneDrive\\Desktop\\Project\\Website\\node_modules\\ts-node\\src\\index.ts:1433:41)\n    at Module.m._compile (C:\\Users\\bigbo\\OneDrive\\Desktop\\Project\\Website\\node_modules\\ts-node\\src\\index.ts:1617:30)\n    at node:internal/modules/cjs/loader:1820:10\n    at Object.require.extensions.<computed> [as .ts] (C:\\Users\\bigbo\\OneDrive\\Desktop\\Project\\Website\\node_modules\\ts-node\\src\\index.ts:1621:12)\n    at Module.load (node:internal/modules/cjs/loader:1423:32)\n    at Function._load (node:internal/modules/cjs/loader:1246:12)\n    at TracingChannel.traceSync (node:diagnostics_channel:322:14)","timestamp":"2025-08-31T20:07:25.360Z","trace":[{"column":12,"file":"C:\\Users\\bigbo\\OneDrive\\Desktop\\Project\\Website\\node_modules\\ts-node\\src\\index.ts","function":"createTSError","line":859,"method":null,"native":false},{"column":19,"file":"C:\\Users\\bigbo\\OneDrive\\Desktop\\Project\\Website\\node_modules\\ts-node\\src\\index.ts","function":"reportTSError","line":863,"method":null,"native":false},{"column":36,"file":"C:\\Users\\bigbo\\OneDrive\\Desktop\\Project\\Website\\node_modules\\ts-node\\src\\index.ts","function":"getOutput","line":1077,"method":null,"native":false},{"column":41,"file":"C:\\Users\\bigbo\\OneDrive\\Desktop\\Project\\Website\\node_modules\\ts-node\\src\\index.ts","function":"Object.compile","line":1433,"method":"compile","native":false},{"column":30,"file":"C:\\Users\\bigbo\\OneDrive\\Desktop\\Project\\Website\\node_modules\\ts-node\\src\\index.ts","function":"Module.m._compile","line":1617,"method":"_compile","native":false},{"column":10,"file":"node:internal/modules/cjs/loader","function":null,"line":1820,"method":null,"native":false},{"column":12,"file":"C:\\Users\\bigbo\\OneDrive\\Desktop\\Project\\Website\\node_modules\\ts-node\\src\\index.ts","function":"Object.require.extensions.<computed> [as .ts]","line":1621,"method":"ts]","native":false},{"column":32,"file":"node:internal/modules/cjs/loader","function":"Module.load","line":1423,"method":"load","native":false},{"column":12,"file":"node:internal/modules/cjs/loader","function":"Function._load","line":1246,"method":"_load","native":false},{"column":14,"file":"node:diagnostics_channel","function":"TracingChannel.traceSync","line":322,"method":"traceSync","native":false}]}
{"date":"Thu Sep 04 2025 15:48:31 GMT+0530 (India Standard Time)","error":{"diagnosticCodes":[7006,7006,7006,7006,7006,7006,7006,7006,7006]},"exception":true,"level":"error","message":"uncaughtException: тип Unable to compile TypeScript:\nsrc/routes/auth.ts(11,46): error TS7006: Parameter 'req' implicitly has an 'any' type.\r\nsrc/routes/auth.ts(11,51): error TS7006: Parameter 'res' implicitly has an 'any' type.\r\nsrc/routes/auth.ts(90,43): error TS7006: Parameter 'req' implicitly has an 'any' type.\r\nsrc/routes/auth.ts(90,48): error TS7006: Parameter 'res' implicitly has an 'any' type.\r\nsrc/routes/auth.ts(157,81): error TS7006: Parameter 'res' implicitly has an 'any' type.\r\nsrc/routes/auth.ts(179,81): error TS7006: Parameter 'res' implicitly has an 'any' type.\r\nsrc/routes/auth.ts(216,81): error TS7006: Parameter 'res' implicitly has an 'any' type.\r\nsrc/routes/auth.ts(252,45): error TS7006: Parameter 'req' implicitly has an 'any' type.\r\nsrc/routes/auth.ts(252,50): error TS7006: Parameter 'res' implicitly has an 'any' type.\r\n\nTSError: тип Unable to compile TypeScript:\nsrc/routes/auth.ts(11,46): error TS7006: Parameter 'req' implicitly has an 'any' type.\r\nsrc/routes/auth.ts(11,51): error TS7006: Parameter 'res' implicitly has an 'any' type.\r\nsrc/routes/auth.ts(90,43): error TS7006: Parameter 'req' implicitly has an 'any' type.\r\nsrc/routes/auth.ts(90,48): error TS7006: Parameter 'res' implicitly has an 'any' type.\r\nsrc/routes/auth.ts(157,81): error TS7006: Parameter 'res' implicitly has an 'any' type.\r\nsrc/routes/auth.ts(179,81): error TS7006: Parameter 'res' implicitly has an 'any' type.\r\nsrc/routes/auth.ts(216,81): error TS7006: Parameter 'res' implicitly has an 'any' type.\r\nsrc/routes/auth.ts(252,45): error TS7006: Parameter 'req' implicitly has an 'any' type.\r\nsrc/routes/auth.ts(252,50): error TS7006: Parameter 'res' implicitly has an 'any' type.\r\n\n    at createTSError (C:\\Users\\bigbo\\OneDrive\\Desktop\\Project\\Website\\node_modules\\ts-node\\src\\index.ts:859:12)\n    at reportTSError (C:\\Users\\bigbo\\OneDrive\\Desktop\\Project\\Website\\node_modules\\ts-node\\src\\index.ts:863:19)\n    at getOutput (C:\\Users\\bigbo\\OneDrive\\Desktop\\Project\\Website\\node_modules\\ts-node\\src\\index.ts:1077:36)\n    at Object.compile (C:\\Users\\bigbo\\OneDrive\\Desktop\\Project\\Website\\node_modules\\ts-node\\src\\index.ts:1433:41)\n    at Module.m._compile (C:\\Users\\bigbo\\OneDrive\\Desktop\\Project\\Website\\node_modules\\ts-node\\src\\index.ts:1617:30)\n    at node:internal/modules/cjs/loader:1820:10\n    at Object.require.extensions.<computed> [as .ts] (C:\\Users\\bigbo\\OneDrive\\Desktop\\Project\\Website\\node_modules\\ts-node\\src\\index.ts:1621:12)\n    at Module.load (node:internal/modules/cjs/loader:1423:32)\n    at Function._load (node:internal/modules/cjs/loader:1246:12)\n    at TracingChannel.traceSync (node:diagnostics_channel:322:14)","os":{"loadavg":[0,0,0],"uptime":921.39},"process":{"argv":["C:\\Users\\bigbo\\OneDrive\\Desktop\\Project\\Website\\node_modules\\ts-node\\dist\\bin.js","C:\\Users\\bigbo\\OneDrive\\Desktop\\Project\\Website\\server\\src\\index.ts"],"cwd":"C:\\Users\\bigbo\\OneDrive\\Desktop\\Project\\Website\\server","execPath":"C:\\Program Files\\nodejs\\node.exe","gid":null,"memoryUsage":{"arrayBuffers":4921463,"external":7961964,"heapTotal":265015296,"heapUsed":232945176,"rss":313458688},"pid":16396,"uid":null,"version":"v22.18.0"},"service":"helpers-app-api","stack":"TSError: тип Unable to compile TypeScript:\nsrc/routes/auth.ts(11,46): error TS7006: Parameter 'req' implicitly has an 'any' type.\r\nsrc/routes/auth.ts(11,51): error TS7006: Parameter 'res' implicitly has an 'any' type.\r\nsrc/routes/auth.ts(90,43): error TS7006: Parameter 'req' implicitly has an 'any' type.\r\nsrc/routes/auth.ts(90,48): error TS7006: Parameter 'res' implicitly has an 'any' type.\r\nsrc/routes/auth.ts(157,81): error TS7006: Parameter 'res' implicitly has an 'any' type.\r\nsrc/routes/auth.ts(179,81): error TS7006: Parameter 'res' implicitly has an 'any' type.\r\nsrc/routes/auth.ts(216,81): error TS7006: Parameter 'res' implicitly has an 'any' type.\r\nsrc/routes/auth.ts(252,45): error TS7006: Parameter 'req' implicitly has an 'any' type.\r\nsrc/routes/auth.ts(252,50): error TS7006: Parameter 'res' implicitly has an 'any' type.\r\n\n    at createTSError (C:\\Users\\bigbo\\OneDrive\\Desktop\\Project\\Website\\node_modules\\ts-node\\src\\index.ts:859:12)\n    at reportTSError (C:\\Users\\bigbo\\OneDrive\\Desktop\\Project\\Website\\node_modules\\ts-node\\src\\index.ts:863:19)\n    at getOutput (C:\\Users\\bigbo\\OneDrive\\Desktop\\Project\\Website\\node_modules\\ts-node\\src\\index.ts:1077:36)\n    at Object.compile (C:\\Users\\bigbo\\OneDrive\\Desktop\\Project\\Website\\node_modules\\ts-node\\src\\index.ts:1433:41)\n    at Module.m._compile (C:\\Users\\bigbo\\OneDrive\\Desktop\\Project\\Website\\node_modules\\ts-node\\src\\index.ts:1617:30)\n    at node:internal/modules/cjs/loader:1820:10\n    at Object.require.extensions.<computed> [as .ts] (C:\\Users\\bigbo\\OneDrive\\Desktop\\Project\\Website\\node_modules\\ts-node\\src\\index.ts:1621:12)\n    at Module.load (node:internal/modules/cjs/loader:1423:32)\n    at Function._load (node:internal/modules/cjs/loader:1246:12)\n    at TracingChannel.traceSync (node:diagnostics_channel:322:14)","timestamp":"2025-09-04T10:18:31.184Z","trace":[{"column":12,"file":"C:\\Users\\bigbo\\OneDrive\\Desktop\\Project\\Website\\node_modules\\ts-node\\src\\index.ts","function":"createTSError","line":859,"method":null,"native":false},{"column":19,"file":"C:\\Users\\bigbo\\OneDrive\\Desktop\\Project\\Website\\node_modules\\ts-node\\src\\index.ts","function":"reportTSError","line":863,"method":null,"native":false},{"column":36,"file":"C:\\Users\\bigbo\\OneDrive\\Desktop\\Project\\Website\\node_modules\\ts-node\\src\\index.ts","function":"getOutput","line":1077,"method":null,"native":false},{"column":41,"file":"C:\\Users\\bigbo\\OneDrive\\Desktop\\Project\\Website\\node_modules\\ts-node\\src\\index.ts","function":"Object.compile","line":1433,"method":"compile","native":false},{"column":30,"file":"C:\\Users\\bigbo\\OneDrive\\Desktop\\Project\\Website\\node_modules\\ts-node\\src\\index.ts","function":"Module.m._compile","line":1617,"method":"_compile","native":false},{"column":10,"file":"node:internal/modules/cjs/loader","function":null,"line":1820,"method":null,"native":false},{"column":12,"file":"C:\\Users\\bigbo\\OneDrive\\Desktop\\Project\\Website\\node_modules\\ts-node\\src\\index.ts","function":"Object.require.extensions.<computed> [as .ts]","line":1621,"method":"ts]","native":false},{"column":32,"file":"node:internal/modules/cjs/loader","function":"Module.load","line":1423,"method":"load","native":false},{"column":12,"file":"node:internal/modules/cjs/loader","function":"Function._load","line":1246,"method":"_load","native":false},{"column":14,"file":"node:diagnostics_channel","function":"TracingChannel.traceSync","line":322,"method":"traceSync","native":false}]}
{"date":"Thu Sep 04 2025 15:48:52 GMT+0530 (India Standard Time)","error":{"diagnosticCodes":[7006,7006,7006,7006,7006,7006,7006,7006,7006]},"exception":true,"level":"error","message":"uncaughtException: тип Unable to compile TypeScript:\nsrc/routes/auth.ts(11,46): error TS7006: Parameter 'req' implicitly has an 'any' type.\r\nsrc/routes/auth.ts(11,51): error TS7006: Parameter 'res' implicitly has an 'any' type.\r\nsrc/routes/auth.ts(90,43): error TS7006: Parameter 'req' implicitly has an 'any' type.\r\nsrc/routes/auth.ts(90,48): error TS7006: Parameter 'res' implicitly has an 'any' type.\r\nsrc/routes/auth.ts(157,81): error TS7006: Parameter 'res' implicitly has an 'any' type.\r\nsrc/routes/auth.ts(179,81): error TS7006: Parameter 'res' implicitly has an 'any' type.\r\nsrc/routes/auth.ts(216,81): error TS7006: Parameter 'res' implicitly has an 'any' type.\r\nsrc/routes/auth.ts(252,45): error TS7006: Parameter 'req' implicitly has an 'any' type.\r\nsrc/routes/auth.ts(252,50): error TS7006: Parameter 'res' implicitly has an 'any' type.\r\n\nTSError: тип Unable to compile TypeScript:\nsrc/routes/auth.ts(11,46): error TS7006: Parameter 'req' implicitly has an 'any' type.\r\nsrc/routes/auth.ts(11,51): error TS7006: Parameter 'res' implicitly has an 'any' type.\r\nsrc/routes/auth.ts(90,43): error TS7006: Parameter 'req' implicitly has an 'any' type.\r\nsrc/routes/auth.ts(90,48): error TS7006: Parameter 'res' implicitly has an 'any' type.\r\nsrc/routes/auth.ts(157,81): error TS7006: Parameter 'res' implicitly has an 'any' type.\r\nsrc/routes/auth.ts(179,81): error TS7006: Parameter 'res' implicitly has an 'any' type.\r\nsrc/routes/auth.ts(216,81): error TS7006: Parameter 'res' implicitly has an 'any' type.\r\nsrc/routes/auth.ts(252,45): error TS7006: Parameter 'req' implicitly has an 'any' type.\r\nsrc/routes/auth.ts(252,50): error TS7006: Parameter 'res' implicitly has an 'any' type.\r\n\n    at createTSError (C:\\Users\\bigbo\\OneDrive\\Desktop\\Project\\Website\\node_modules\\ts-node\\src\\index.ts:859:12)\n    at reportTSError (C:\\Users\\bigbo\\OneDrive\\Desktop\\Project\\Website\\node_modules\\ts-node\\src\\index.ts:863:19)\n    at getOutput (C:\\Users\\bigbo\\OneDrive\\Desktop\\Project\\Website\\node_modules\\ts-node\\src\\index.ts:1077:36)\n    at Object.compile (C:\\Users\\bigbo\\OneDrive\\Desktop\\Project\\Website\\node_modules\\ts-node\\src\\index.ts:1433:41)\n    at Module.m._compile (C:\\Users\\bigbo\\OneDrive\\Desktop\\Project\\Website\\node_modules\\ts-node\\src\\index.ts:1617:30)\n    at node:internal/modules/cjs/loader:1820:10\n    at Object.require.extensions.<computed> [as .ts] (C:\\Users\\bigbo\\OneDrive\\Desktop\\Project\\Website\\node_modules\\ts-node\\src\\index.ts:1621:12)\n    at Module.load (node:internal/modules/cjs/loader:1423:32)\n    at Function._load (node:internal/modules/cjs/loader:1246:12)\n    at TracingChannel.traceSync (node:diagnostics_channel:322:14)","os":{"loadavg":[0,0,0],"uptime":942.265},"process":{"argv":["C:\\Users\\bigbo\\OneDrive\\Desktop\\Project\\Website\\node_modules\\ts-node\\dist\\bin.js","C:\\Users\\bigbo\\OneDrive\\Desktop\\Project\\Website\\server\\src\\index.ts"],"cwd":"C:\\Users\\bigbo\\OneDrive\\Desktop\\Project\\Website\\server","execPath":"C:\\Program Files\\nodejs\\node.exe","gid":null,"memoryUsage":{"arrayBuffers":4929449,"external":7969950,"heapTotal":265015296,"heapUsed":233317544,"rss":312700928},"pid":1652,"uid":null,"version":"v22.18.0"},"service":"helpers-app-api","stack":"TSError: тип Unable to compile TypeScript:\nsrc/routes/auth.ts(11,46): error TS7006: Parameter 'req' implicitly has an 'any' type.\r\nsrc/routes/auth.ts(11,51): error TS7006: Parameter 'res' implicitly has an 'any' type.\r\nsrc/routes/auth.ts(90,43): error TS7006: Parameter 'req' implicitly has an 'any' type.\r\nsrc/routes/auth.ts(90,48): error TS7006: Parameter 'res' implicitly has an 'any' type.\r\nsrc/routes/auth.ts(157,81): error TS7006: Parameter 'res' implicitly has an 'any' type.\r\nsrc/routes/auth.ts(179,81): error TS7006: Parameter 'res' implicitly has an 'any' type.\r\nsrc/routes/auth.ts(216,81): error TS7006: Parameter 'res' implicitly has an 'any' type.\r\nsrc/routes/auth.ts(252,45): error TS7006: Parameter 'req' implicitly has an 'any' type.\r\nsrc/routes/auth.ts(252,50): error TS7006: Parameter 'res' implicitly has an 'any' type.\r\n\n    at createTSError (C:\\Users\\bigbo\\OneDrive\\Desktop\\Project\\Website\\node_modules\\ts-node\\src\\index.ts:859:12)\n    at reportTSError (C:\\Users\\bigbo\\OneDrive\\Desktop\\Project\\Website\\node_modules\\ts-node\\src\\index.ts:863:19)\n    at getOutput (C:\\Users\\bigbo\\OneDrive\\Desktop\\Project\\Website\\node_modules\\ts-node\\src\\index.ts:1077:36)\n    at Object.compile (C:\\Users\\bigbo\\OneDrive\\Desktop\\Project\\Website\\node_modules\\ts-node\\src\\index.ts:1433:41)\n    at Module.m._compile (C:\\Users\\bigbo\\OneDrive\\Desktop\\Project\\Website\\node_modules\\ts-node\\src\\index.ts:1617:30)\n    at node:internal/modules/cjs/loader:1820:10\n    at Object.require.extensions.<computed> [as .ts] (C:\\Users\\bigbo\\OneDrive\\Desktop\\Project\\Website\\node_modules\\ts-node\\src\\index.ts:1621:12)\n    at Module.load (node:internal/modules/cjs/loader:1423:32)\n    at Function._load (node:internal/modules/cjs/loader:1246:12)\n    at TracingChannel.traceSync (node:diagnostics_channel:322:14)","timestamp":"2025-09-04T10:18:52.068Z","trace":[{"column":12,"file":"C:\\Users\\bigbo\\OneDrive\\Desktop\\Project\\Website\\node_modules\\ts-node\\src\\index.ts","function":"createTSError","line":859,"method":null,"native":false},{"column":19,"file":"C:\\Users\\bigbo\\OneDrive\\Desktop\\Project\\Website\\node_modules\\ts-node\\src\\index.ts","function":"reportTSError","line":863,"method":null,"native":false},{"column":36,"file":"C:\\Users\\bigbo\\OneDrive\\Desktop\\Project\\Website\\node_modules\\ts-node\\src\\index.ts","function":"getOutput","line":1077,"method":null,"native":false},{"column":41,"file":"C:\\Users\\bigbo\\OneDrive\\Desktop\\Project\\Website\\node_modules\\ts-node\\src\\index.ts","function":"Object.compile","line":1433,"method":"compile","native":false},{"column":30,"file":"C:\\Users\\bigbo\\OneDrive\\Desktop\\Project\\Website\\node_modules\\ts-node\\src\\index.ts","function":"Module.m._compile","line":1617,"method":"_compile","native":false},{"column":10,"file":"node:internal/modules/cjs/loader","function":null,"line":1820,"method":null,"native":false},{"column":12,"file":"C:\\Users\\bigbo\\OneDrive\\Desktop\\Project\\Website\\node_modules\\ts-node\\src\\index.ts","function":"Object.require.extensions.<computed> [as .ts]","line":1621,"method":"ts]","native":false},{"column":32,"file":"node:internal/modules/cjs/loader","function":"Module.load","line":1423,"method":"load","native":false},{"column":12,"file":"node:internal/modules/cjs/loader","function":"Function._load","line":1246,"method":"_load","native":false},{"column":14,"file":"node:diagnostics_channel","function":"TracingChannel.traceSync","line":322,"method":"traceSync","native":false}]}
{"date":"Thu Sep 04 2025 22:25:09 GMT+0530 (India Standard Time)","error":{"diagnosticCodes":[7006,7006,7006,7006,7006,7006,7006,7006,7006]},"exception":true,"level":"error","message":"uncaughtException: тип Unable to compile TypeScript:\nsrc/routes/auth.ts(11,46): error TS7006: Parameter 'req' implicitly has an 'any' type.\r\nsrc/routes/auth.ts(11,51): error TS7006: Parameter 'res' implicitly has an 'any' type.\r\nsrc/routes/auth.ts(90,43): error TS7006: Parameter 'req' implicitly has an 'any' type.\r\nsrc/routes/auth.ts(90,48): error TS7006: Parameter 'res' implicitly has an 'any' type.\r\nsrc/routes/auth.ts(157,81): error TS7006: Parameter 'res' implicitly has an 'any' type.\r\nsrc/routes/auth.ts(179,81): error TS7006: Parameter 'res' implicitly has an 'any' type.\r\nsrc/routes/auth.ts(216,81): error TS7006: Parameter 'res' implicitly has an 'any' type.\r\nsrc/routes/auth.ts(252,45): error TS7006: Parameter 'req' implicitly has an 'any' type.\r\nsrc/routes/auth.ts(252,50): error TS7006: Parameter 'res' implicitly has an 'any' type.\r\n\nTSError: тип Unable to compile TypeScript:\nsrc/routes/auth.ts(11,46): error TS7006: Parameter 'req' implicitly has an 'any' type.\r\nsrc/routes/auth.ts(11,51): error TS7006: Parameter 'res' implicitly has an 'any' type.\r\nsrc/routes/auth.ts(90,43): error TS7006: Parameter 'req' implicitly has an 'any' type.\r\nsrc/routes/auth.ts(90,48): error TS7006: Parameter 'res' implicitly has an 'any' type.\r\nsrc/routes/auth.ts(157,81): error TS7006: Parameter 'res' implicitly has an 'any' type.\r\nsrc/routes/auth.ts(179,81): error TS7006: Parameter 'res' implicitly has an 'any' type.\r\nsrc/routes/auth.ts(216,81): error TS7006: Parameter 'res' implicitly has an 'any' type.\r\nsrc/routes/auth.ts(252,45): error TS7006: Parameter 'req' implicitly has an 'any' type.\r\nsrc/routes/auth.ts(252,50): error TS7006: Parameter 'res' implicitly has an 'any' type.\r\n\n    at createTSError (C:\\Users\\bigbo\\OneDrive\\Desktop\\Project\\Website\\node_modules\\ts-node\\src\\index.ts:859:12)\n    at reportTSError (C:\\Users\\bigbo\\OneDrive\\Desktop\\Project\\Website\\node_modules\\ts-node\\src\\index.ts:863:19)\n    at getOutput (C:\\Users\\bigbo\\OneDrive\\Desktop\\Project\\Website\\node_modules\\ts-node\\src\\index.ts:1077:36)\n    at Object.compile (C:\\Users\\bigbo\\OneDrive\\Desktop\\Project\\Website\\node_modules\\ts-node\\src\\index.ts:1433:41)\n    at Module.m._compile (C:\\Users\\bigbo\\OneDrive\\Desktop\\Project\\Website\\node_modules\\ts-node\\src\\index.ts:1617:30)\n    at node:internal/modules/cjs/loader:1820:10\n    at Object.require.extensions.<computed> [as .ts] (C:\\Users\\bigbo\\OneDrive\\Desktop\\Project\\Website\\node_modules\\ts-node\\src\\index.ts:1621:12)\n    at Module.load (node:internal/modules/cjs/loader:1423:32)\n    at Function._load (node:internal/modules/cjs/loader:1246:12)\n    at TracingChannel.traceSync (node:diagnostics_channel:322:14)","os":{"loadavg":[0,0,0],"uptime":24719.468},"process":{"argv":["C:\\Users\\bigbo\\OneDrive\\Desktop\\Project\\Website\\node_modules\\ts-node\\dist\\bin.js","C:\\Users\\bigbo\\OneDrive\\Desktop\\Project\\Website\\server\\src\\index.ts"],"cwd":"C:\\Users\\bigbo\\OneDrive\\Desktop\\Project\\Website\\server","execPath":"C:\\Program Files\\nodejs\\node.exe","gid":null,"memoryUsage":{"arrayBuffers":4907387,"external":7947888,"heapTotal":264491008,"heapUsed":233746528,"rss":312479744},"pid":10484,"uid":null,"version":"v22.18.0"},"service":"helpers-app-api","stack":"TSError: тип Unable to compile TypeScript:\nsrc/routes/auth.ts(11,46): error TS7006: Parameter 'req' implicitly has an 'any' type.\r\nsrc/routes/auth.ts(11,51): error TS7006: Parameter 'res' implicitly has an 'any' type.\r\nsrc/routes/auth.ts(90,43): error TS7006: Parameter 'req' implicitly has an 'any' type.\r\nsrc/routes/auth.ts(90,48): error TS7006: Parameter 'res' implicitly has an 'any' type.\r\nsrc/routes/auth.ts(157,81): error TS7006: Parameter 'res' implicitly has an 'any' type.\r\nsrc/routes/auth.ts(179,81): error TS7006: Parameter 'res' implicitly has an 'any' type.\r\nsrc/routes/auth.ts(216,81): error TS7006: Parameter 'res' implicitly has an 'any' type.\r\nsrc/routes/auth.ts(252,45): error TS7006: Parameter 'req' implicitly has an 'any' type.\r\nsrc/routes/auth.ts(252,50): error TS7006: Parameter 'res' implicitly has an 'any' type.\r\n\n    at createTSError (C:\\Users\\bigbo\\OneDrive\\Desktop\\Project\\Website\\node_modules\\ts-node\\src\\index.ts:859:12)\n    at reportTSError (C:\\Users\\bigbo\\OneDrive\\Desktop\\Project\\Website\\node_modules\\ts-node\\src\\index.ts:863:19)\n    at getOutput (C:\\Users\\bigbo\\OneDrive\\Desktop\\Project\\Website\\node_modules\\ts-node\\src\\index.ts:1077:36)\n    at Object.compile (C:\\Users\\bigbo\\OneDrive\\Desktop\\Project\\Website\\node_modules\\ts-node\\src\\index.ts:1433:41)\n    at Module.m._compile (C:\\Users\\bigbo\\OneDrive\\Desktop\\Project\\Website\\node_modules\\ts-node\\src\\index.ts:1617:30)\n    at node:internal/modules/cjs/loader:1820:10\n    at Object.require.extensions.<computed> [as .ts] (C:\\Users\\bigbo\\OneDrive\\Desktop\\Project\\Website\\node_modules\\ts-node\\src\\index.ts:1621:12)\n    at Module.load (node:internal/modules/cjs/loader:1423:32)\n    at Function._load (node:internal/modules/cjs/loader:1246:12)\n    at TracingChannel.traceSync (node:diagnostics_channel:322:14)","timestamp":"2025-09-04T16:55:09.273Z","trace":[{"column":12,"file":"C:\\Users\\bigbo\\OneDrive\\Desktop\\Project\\Website\\node_modules\\ts-node\\src\\index.ts","function":"createTSError","line":859,"method":null,"native":false},{"column":19,"file":"C:\\Users\\bigbo\\OneDrive\\Desktop\\Project\\Website\\node_modules\\ts-node\\src\\index.ts","function":"reportTSError","line":863,"method":null,"native":false},{"column":36,"file":"C:\\Users\\bigbo\\OneDrive\\Desktop\\Project\\Website\\node_modules\\ts-node\\src\\index.ts","function":"getOutput","line":1077,"method":null,"native":false},{"column":41,"file":"C:\\Users\\bigbo\\OneDrive\\Desktop\\Project\\Website\\node_modules\\ts-node\\src\\index.ts","function":"Object.compile","line":1433,"method":"compile","native":false},{"column":30,"file":"C:\\Users\\bigbo\\OneDrive\\Desktop\\Project\\Website\\node_modules\\ts-node\\src\\index.ts","function":"Module.m._compile","line":1617,"method":"_compile","native":false},{"column":10,"file":"node:internal/modules/cjs/loader","function":null,"line":1820,"method":null,"native":false},{"column":12,"file":"C:\\Users\\bigbo\\OneDrive\\Desktop\\Project\\Website\\node_modules\\ts-node\\src\\index.ts","function":"Object.require.extensions.<computed> [as .ts]","line":1621,"method":"ts]","native":false},{"column":32,"file":"node:internal/modules/cjs/loader","function":"Module.load","line":1423,"method":"load","native":false},{"column":12,"file":"node:internal/modules/cjs/loader","function":"Function._load","line":1246,"method":"_load","native":false},{"column":14,"file":"node:diagnostics_channel","function":"TracingChannel.traceSync","line":322,"method":"traceSync","native":false}]}
{"date":"Thu Sep 04 2025 22:30:54 GMT+0530 (India Standard Time)","error":{"diagnosticCodes":[7006,7006,7006,7006,7006,7006,7006,7006,7006]},"exception":true,"level":"error","message":"uncaughtException: тип Unable to compile TypeScript:\nsrc/routes/auth.ts(11,46): error TS7006: Parameter 'req' implicitly has an 'any' type.\r\nsrc/routes/auth.ts(11,51): error TS7006: Parameter 'res' implicitly has an 'any' type.\r\nsrc/routes/auth.ts(90,43): error TS7006: Parameter 'req' implicitly has an 'any' type.\r\nsrc/routes/auth.ts(90,48): error TS7006: Parameter 'res' implicitly has an 'any' type.\r\nsrc/routes/auth.ts(157,81): error TS7006: Parameter 'res' implicitly has an 'any' type.\r\nsrc/routes/auth.ts(179,81): error TS7006: Parameter 'res' implicitly has an 'any' type.\r\nsrc/routes/auth.ts(216,81): error TS7006: Parameter 'res' implicitly has an 'any' type.\r\nsrc/routes/auth.ts(252,45): error TS7006: Parameter 'req' implicitly has an 'any' type.\r\nsrc/routes/auth.ts(252,50): error TS7006: Parameter 'res' implicitly has an 'any' type.\r\n\nTSError: тип Unable to compile TypeScript:\nsrc/routes/auth.ts(11,46): error TS7006: Parameter 'req' implicitly has an 'any' type.\r\nsrc/routes/auth.ts(11,51): error TS7006: Parameter 'res' implicitly has an 'any' type.\r\nsrc/routes/auth.ts(90,43): error TS7006: Parameter 'req' implicitly has an 'any' type.\r\nsrc/routes/auth.ts(90,48): error TS7006: Parameter 'res' implicitly has an 'any' type.\r\nsrc/routes/auth.ts(157,81): error TS7006: Parameter 'res' implicitly has an 'any' type.\r\nsrc/routes/auth.ts(179,81): error TS7006: Parameter 'res' implicitly has an 'any' type.\r\nsrc/routes/auth.ts(216,81): error TS7006: Parameter 'res' implicitly has an 'any' type.\r\nsrc/routes/auth.ts(252,45): error TS7006: Parameter 'req' implicitly has an 'any' type.\r\nsrc/routes/auth.ts(252,50): error TS7006: Parameter 'res' implicitly has an 'any' type.\r\n\n    at createTSError (C:\\Users\\bigbo\\OneDrive\\Desktop\\Project\\Website\\node_modules\\ts-node\\src\\index.ts:859:12)\n    at reportTSError (C:\\Users\\bigbo\\OneDrive\\Desktop\\Project\\Website\\node_modules\\ts-node\\src\\index.ts:863:19)\n    at getOutput (C:\\Users\\bigbo\\OneDrive\\Desktop\\Project\\Website\\node_modules\\ts-node\\src\\index.ts:1077:36)\n    at Object.compile (C:\\Users\\bigbo\\OneDrive\\Desktop\\Project\\Website\\node_modules\\ts-node\\src\\index.ts:1433:41)\n    at Module.m._compile (C:\\Users\\bigbo\\OneDrive\\Desktop\\Project\\Website\\node_modules\\ts-node\\src\\index.ts:1617:30)\n    at node:internal/modules/cjs/loader:1820:10\n    at Object.require.extensions.<computed> [as .ts] (C:\\Users\\bigbo\\OneDrive\\Desktop\\Project\\Website\\node_modules\\ts-node\\src\\index.ts:1621:12)\n    at Module.load (node:internal/modules/cjs/loader:1423:32)\n    at Function._load (node:internal/modules/cjs/loader:1246:12)\n    at TracingChannel.traceSync (node:diagnostics_channel:322:14)","os":{"loadavg":[0,0,0],"uptime":25064.625},"process":{"argv":["C:\\Users\\bigbo\\OneDrive\\Desktop\\Project\\Website\\node_modules\\ts-node\\dist\\bin.js","C:\\Users\\bigbo\\OneDrive\\Desktop\\Project\\Website\\server\\src\\index.ts"],"cwd":"C:\\Users\\bigbo\\OneDrive\\Desktop\\Project\\Website\\server","execPath":"C:\\Program Files\\nodejs\\node.exe","gid":null,"memoryUsage":{"arrayBuffers":4912350,"external":7952851,"heapTotal":265015296,"heapUsed":233031248,"rss":312401920},"pid":18648,"uid":null,"version":"v22.18.0"},"service":"helpers-app-api","stack":"TSError: тип Unable to compile TypeScript:\nsrc/routes/auth.ts(11,46): error TS7006: Parameter 'req' implicitly has an 'any' type.\r\nsrc/routes/auth.ts(11,51): error TS7006: Parameter 'res' implicitly has an 'any' type.\r\nsrc/routes/auth.ts(90,43): error TS7006: Parameter 'req' implicitly has an 'any' type.\r\nsrc/routes/auth.ts(90,48): error TS7006: Parameter 'res' implicitly has an 'any' type.\r\nsrc/routes/auth.ts(157,81): error TS7006: Parameter 'res' implicitly has an 'any' type.\r\nsrc/routes/auth.ts(179,81): error TS7006: Parameter 'res' implicitly has an 'any' type.\r\nsrc/routes/auth.ts(216,81): error TS7006: Parameter 'res' implicitly has an 'any' type.\r\nsrc/routes/auth.ts(252,45): error TS7006: Parameter 'req' implicitly has an 'any' type.\r\nsrc/routes/auth.ts(252,50): error TS7006: Parameter 'res' implicitly has an 'any' type.\r\n\n    at createTSError (C:\\Users\\bigbo\\OneDrive\\Desktop\\Project\\Website\\node_modules\\ts-node\\src\\index.ts:859:12)\n    at reportTSError (C:\\Users\\bigbo\\OneDrive\\Desktop\\Project\\Website\\node_modules\\ts-node\\src\\index.ts:863:19)\n    at getOutput (C:\\Users\\bigbo\\OneDrive\\Desktop\\Project\\Website\\node_modules\\ts-node\\src\\index.ts:1077:36)\n    at Object.compile (C:\\Users\\bigbo\\OneDrive\\Desktop\\Project\\Website\\node_modules\\ts-node\\src\\index.ts:1433:41)\n    at Module.m._compile (C:\\Users\\bigbo\\OneDrive\\Desktop\\Project\\Website\\node_modules\\ts-node\\src\\index.ts:1617:30)\n    at node:internal/modules/cjs/loader:1820:10\n    at Object.require.extensions.<computed> [as .ts] (C:\\Users\\bigbo\\OneDrive\\Desktop\\Project\\Website\\node_modules\\ts-node\\src\\index.ts:1621:12)\n    at Module.load (node:internal/modules/cjs/loader:1423:32)\n    at Function._load (node:internal/modules/cjs/loader:1246:12)\n    at TracingChannel.traceSync (node:diagnostics_channel:322:14)","timestamp":"2025-09-04T17:00:54.427Z","trace":[{"column":12,"file":"C:\\Users\\bigbo\\OneDrive\\Desktop\\Project\\Website\\node_modules\\ts-node\\src\\index.ts","function":"createTSError","line":859,"method":null,"native":false},{"column":19,"file":"C:\\Users\\bigbo\\OneDrive\\Desktop\\Project\\Website\\node_modules\\ts-node\\src\\index.ts","function":"reportTSError","line":863,"method":null,"native":false},{"column":36,"file":"C:\\Users\\bigbo\\OneDrive\\Desktop\\Project\\Website\\node_modules\\ts-node\\src\\index.ts","function":"getOutput","line":1077,"method":null,"native":false},{"column":41,"file":"C:\\Users\\bigbo\\OneDrive\\Desktop\\Project\\Website\\node_modules\\ts-node\\src\\index.ts","function":"Object.compile","line":1433,"method":"compile","native":false},{"column":30,"file":"C:\\Users\\bigbo\\OneDrive\\Desktop\\Project\\Website\\node_modules\\ts-node\\src\\index.ts","function":"Module.m._compile","line":1617,"method":"_compile","native":false},{"column":10,"file":"node:internal/modules/cjs/loader","function":null,"line":1820,"method":null,"native":false},{"column":12,"file":"C:\\Users\\bigbo\\OneDrive\\Desktop\\Project\\Website\\node_modules\\ts-node\\src\\index.ts","function":"Object.require.extensions.<computed> [as .ts]","line":1621,"method":"ts]","native":false},{"column":32,"file":"node:internal/modules/cjs/loader","function":"Module.load","line":1423,"method":"load","native":false},{"column":12,"file":"node:internal/modules/cjs/loader","function":"Function._load","line":1246,"method":"_load","native":false},{"column":14,"file":"node:diagnostics_channel","function":"TracingChannel.traceSync","line":322,"method":"traceSync","native":false}]}
